{
  "/home/reghoul/openclaw-pm-dashboard/frontend/postcss.config.js": {
    "path": "/home/reghoul/openclaw-pm-dashboard/frontend/postcss.config.js",
    "all": true,
    "statementMap": {
      "0": { "start": { "line": 1, "column": 0 }, "end": { "line": 1, "column": 16 } },
      "1": { "start": { "line": 2, "column": 0 }, "end": { "line": 2, "column": 12 } },
      "2": { "start": { "line": 3, "column": 0 }, "end": { "line": 3, "column": 20 } },
      "3": { "start": { "line": 4, "column": 0 }, "end": { "line": 4, "column": 21 } },
      "4": { "start": { "line": 5, "column": 0 }, "end": { "line": 5, "column": 4 } },
      "5": { "start": { "line": 6, "column": 0 }, "end": { "line": 6, "column": 2 } }
    },
    "s": { "0": 0, "1": 0, "2": 0, "3": 0, "4": 0, "5": 0 },
    "branchMap": {
      "0": {
        "type": "branch",
        "line": 1,
        "loc": { "start": { "line": 1, "column": 0 }, "end": { "line": 6, "column": -11 } },
        "locations": [{ "start": { "line": 1, "column": 0 }, "end": { "line": 6, "column": -11 } }]
      }
    },
    "b": { "0": [0] },
    "fnMap": {
      "0": {
        "name": "(empty-report)",
        "decl": { "start": { "line": 1, "column": 0 }, "end": { "line": 6, "column": -11 } },
        "loc": { "start": { "line": 1, "column": 0 }, "end": { "line": 6, "column": -11 } },
        "line": 1
      }
    },
    "f": { "0": 0 }
  },
  "/home/reghoul/openclaw-pm-dashboard/frontend/tailwind.config.js": {
    "path": "/home/reghoul/openclaw-pm-dashboard/frontend/tailwind.config.js",
    "all": true,
    "statementMap": {
      "0": { "start": { "line": 1, "column": 0 }, "end": { "line": 1, "column": 43 } },
      "1": { "start": { "line": 2, "column": 0 }, "end": { "line": 2, "column": 16 } },
      "2": { "start": { "line": 3, "column": 0 }, "end": { "line": 3, "column": 58 } },
      "3": { "start": { "line": 4, "column": 0 }, "end": { "line": 4, "column": 10 } },
      "4": { "start": { "line": 5, "column": 0 }, "end": { "line": 5, "column": 15 } },
      "5": { "start": { "line": 6, "column": 0 }, "end": { "line": 6, "column": 4 } },
      "6": { "start": { "line": 7, "column": 0 }, "end": { "line": 7, "column": 14 } },
      "7": { "start": { "line": 8, "column": 0 }, "end": { "line": 8, "column": 2 } }
    },
    "s": { "0": 0, "1": 0, "2": 0, "3": 0, "4": 0, "5": 0, "6": 0, "7": 0 },
    "branchMap": {
      "0": {
        "type": "branch",
        "line": 1,
        "loc": { "start": { "line": 1, "column": 0 }, "end": { "line": 8, "column": -13 } },
        "locations": [{ "start": { "line": 1, "column": 0 }, "end": { "line": 8, "column": -13 } }]
      }
    },
    "b": { "0": [0] },
    "fnMap": {
      "0": {
        "name": "(empty-report)",
        "decl": { "start": { "line": 1, "column": 0 }, "end": { "line": 8, "column": -13 } },
        "loc": { "start": { "line": 1, "column": 0 }, "end": { "line": 8, "column": -13 } },
        "line": 1
      }
    },
    "f": { "0": 0 }
  },
  "/home/reghoul/openclaw-pm-dashboard/frontend/vite.config.js": {
    "path": "/home/reghoul/openclaw-pm-dashboard/frontend/vite.config.js",
    "all": true,
    "statementMap": {
      "0": { "start": { "line": 1, "column": 0 }, "end": { "line": 1, "column": 36 } },
      "1": { "start": { "line": 2, "column": 0 }, "end": { "line": 2, "column": 41 } },
      "2": { "start": { "line": 3, "column": 0 }, "end": { "line": 3, "column": 0 } },
      "3": { "start": { "line": 4, "column": 0 }, "end": { "line": 4, "column": 29 } },
      "4": { "start": { "line": 5, "column": 0 }, "end": { "line": 5, "column": 21 } },
      "5": { "start": { "line": 6, "column": 0 }, "end": { "line": 6, "column": 11 } },
      "6": { "start": { "line": 7, "column": 0 }, "end": { "line": 7, "column": 15 } },
      "7": { "start": { "line": 8, "column": 0 }, "end": { "line": 8, "column": 15 } },
      "8": { "start": { "line": 9, "column": 0 }, "end": { "line": 9, "column": 41 } },
      "9": { "start": { "line": 10, "column": 0 }, "end": { "line": 10, "column": 4 } },
      "10": { "start": { "line": 11, "column": 0 }, "end": { "line": 11, "column": 3 } }
    },
    "s": {
      "0": 0,
      "1": 0,
      "2": 0,
      "3": 0,
      "4": 0,
      "5": 0,
      "6": 0,
      "7": 0,
      "8": 0,
      "9": 0,
      "10": 0
    },
    "branchMap": {
      "0": {
        "type": "branch",
        "line": 1,
        "loc": { "start": { "line": 1, "column": 0 }, "end": { "line": 11, "column": -129 } },
        "locations": [
          { "start": { "line": 1, "column": 0 }, "end": { "line": 11, "column": -129 } }
        ]
      }
    },
    "b": { "0": [0] },
    "fnMap": {
      "0": {
        "name": "(empty-report)",
        "decl": { "start": { "line": 1, "column": 0 }, "end": { "line": 11, "column": -129 } },
        "loc": { "start": { "line": 1, "column": 0 }, "end": { "line": 11, "column": -129 } },
        "line": 1
      }
    },
    "f": { "0": 0 }
  },
  "/home/reghoul/openclaw-pm-dashboard/frontend/vitest.config.js": {
    "path": "/home/reghoul/openclaw-pm-dashboard/frontend/vitest.config.js",
    "all": true,
    "statementMap": {
      "0": { "start": { "line": 1, "column": 0 }, "end": { "line": 1, "column": 45 } },
      "1": { "start": { "line": 2, "column": 0 }, "end": { "line": 2, "column": 41 } },
      "2": { "start": { "line": 3, "column": 0 }, "end": { "line": 3, "column": 0 } },
      "3": { "start": { "line": 4, "column": 0 }, "end": { "line": 4, "column": 29 } },
      "4": { "start": { "line": 5, "column": 0 }, "end": { "line": 5, "column": 21 } },
      "5": { "start": { "line": 6, "column": 0 }, "end": { "line": 6, "column": 9 } },
      "6": { "start": { "line": 7, "column": 0 }, "end": { "line": 7, "column": 25 } },
      "7": { "start": { "line": 8, "column": 0 }, "end": { "line": 8, "column": 18 } },
      "8": { "start": { "line": 9, "column": 0 }, "end": { "line": 9, "column": 45 } },
      "9": { "start": { "line": 10, "column": 0 }, "end": { "line": 10, "column": 50 } },
      "10": { "start": { "line": 11, "column": 0 }, "end": { "line": 11, "column": 15 } },
      "11": { "start": { "line": 12, "column": 0 }, "end": { "line": 12, "column": 21 } },
      "12": { "start": { "line": 13, "column": 0 }, "end": { "line": 13, "column": 41 } },
      "13": { "start": { "line": 14, "column": 0 }, "end": { "line": 14, "column": 52 } },
      "14": { "start": { "line": 15, "column": 0 }, "end": { "line": 15, "column": 17 } },
      "15": { "start": { "line": 16, "column": 0 }, "end": { "line": 16, "column": 6 } },
      "16": { "start": { "line": 17, "column": 0 }, "end": { "line": 17, "column": 4 } },
      "17": { "start": { "line": 18, "column": 0 }, "end": { "line": 18, "column": 3 } }
    },
    "s": {
      "0": 0,
      "1": 0,
      "2": 0,
      "3": 0,
      "4": 0,
      "5": 0,
      "6": 0,
      "7": 0,
      "8": 0,
      "9": 0,
      "10": 0,
      "11": 0,
      "12": 0,
      "13": 0,
      "14": 0,
      "15": 0,
      "16": 0,
      "17": 0
    },
    "branchMap": {
      "0": {
        "type": "branch",
        "line": 1,
        "loc": { "start": { "line": 1, "column": 0 }, "end": { "line": 18, "column": -186 } },
        "locations": [
          { "start": { "line": 1, "column": 0 }, "end": { "line": 18, "column": -186 } }
        ]
      }
    },
    "b": { "0": [0] },
    "fnMap": {
      "0": {
        "name": "(empty-report)",
        "decl": { "start": { "line": 1, "column": 0 }, "end": { "line": 18, "column": -186 } },
        "loc": { "start": { "line": 1, "column": 0 }, "end": { "line": 18, "column": -186 } },
        "line": 1
      }
    },
    "f": { "0": 0 }
  },
  "/home/reghoul/openclaw-pm-dashboard/frontend/dist/assets/_basePickBy-W2bOphfn.js": {
    "path": "/home/reghoul/openclaw-pm-dashboard/frontend/dist/assets/_basePickBy-W2bOphfn.js",
    "all": true,
    "statementMap": {
      "0": { "start": { "line": 1, "column": 0 }, "end": { "line": 1, "column": 2577 } }
    },
    "s": { "0": 0 },
    "branchMap": {
      "0": {
        "type": "branch",
        "line": 1,
        "loc": { "start": { "line": 1, "column": 0 }, "end": { "line": 1, "column": 2056 } },
        "locations": [{ "start": { "line": 1, "column": 0 }, "end": { "line": 1, "column": 2056 } }]
      }
    },
    "b": { "0": [0] },
    "fnMap": {
      "0": {
        "name": "(empty-report)",
        "decl": { "start": { "line": 1, "column": 0 }, "end": { "line": 1, "column": 2056 } },
        "loc": { "start": { "line": 1, "column": 0 }, "end": { "line": 1, "column": 2056 } },
        "line": 1
      }
    },
    "f": { "0": 0 }
  },
  "/home/reghoul/openclaw-pm-dashboard/frontend/dist/assets/_baseUniq-DrdluLHB.js": {
    "path": "/home/reghoul/openclaw-pm-dashboard/frontend/dist/assets/_baseUniq-DrdluLHB.js",
    "all": true,
    "statementMap": {
      "0": { "start": { "line": 1, "column": 0 }, "end": { "line": 1, "column": 11896 } }
    },
    "s": { "0": 0 },
    "branchMap": {
      "0": {
        "type": "branch",
        "line": 1,
        "loc": { "start": { "line": 1, "column": 0 }, "end": { "line": 1, "column": 10320 } },
        "locations": [
          { "start": { "line": 1, "column": 0 }, "end": { "line": 1, "column": 10320 } }
        ]
      }
    },
    "b": { "0": [0] },
    "fnMap": {
      "0": {
        "name": "(empty-report)",
        "decl": { "start": { "line": 1, "column": 0 }, "end": { "line": 1, "column": 10320 } },
        "loc": { "start": { "line": 1, "column": 0 }, "end": { "line": 1, "column": 10320 } },
        "line": 1
      }
    },
    "f": { "0": 0 }
  },
  "/home/reghoul/openclaw-pm-dashboard/frontend/dist/assets/arc-BF6Y4RvZ.js": {
    "path": "/home/reghoul/openclaw-pm-dashboard/frontend/dist/assets/arc-BF6Y4RvZ.js",
    "all": true,
    "statementMap": {
      "0": { "start": { "line": 1, "column": 0 }, "end": { "line": 1, "column": 3433 } }
    },
    "s": { "0": 0 },
    "branchMap": {
      "0": {
        "type": "branch",
        "line": 1,
        "loc": { "start": { "line": 1, "column": 0 }, "end": { "line": 1, "column": 2165 } },
        "locations": [{ "start": { "line": 1, "column": 0 }, "end": { "line": 1, "column": 2165 } }]
      }
    },
    "b": { "0": [0] },
    "fnMap": {
      "0": {
        "name": "(empty-report)",
        "decl": { "start": { "line": 1, "column": 0 }, "end": { "line": 1, "column": 2165 } },
        "loc": { "start": { "line": 1, "column": 0 }, "end": { "line": 1, "column": 2165 } },
        "line": 1
      }
    },
    "f": { "0": 0 }
  },
  "/home/reghoul/openclaw-pm-dashboard/frontend/dist/assets/architectureDiagram-2XIMDMQ5-BuMlomcc.js": {
    "path": "/home/reghoul/openclaw-pm-dashboard/frontend/dist/assets/architectureDiagram-2XIMDMQ5-BuMlomcc.js",
    "all": true,
    "statementMap": {
      "0": { "start": { "line": 1, "column": 0 }, "end": { "line": 1, "column": 132226 } },
      "1": { "start": { "line": 2, "column": 0 }, "end": { "line": 2, "column": 9 } },
      "2": { "start": { "line": 3, "column": 0 }, "end": { "line": 3, "column": 37 } },
      "3": { "start": { "line": 4, "column": 0 }, "end": { "line": 4, "column": 31 } },
      "4": { "start": { "line": 5, "column": 0 }, "end": { "line": 5, "column": 15 } },
      "5": { "start": { "line": 6, "column": 0 }, "end": { "line": 6, "column": 3 } },
      "7": { "start": { "line": 8, "column": 0 }, "end": { "line": 8, "column": 10 } },
      "8": { "start": { "line": 9, "column": 0 }, "end": { "line": 9, "column": 34 } },
      "9": { "start": { "line": 10, "column": 0 }, "end": { "line": 10, "column": 3 } },
      "11": { "start": { "line": 12, "column": 0 }, "end": { "line": 12, "column": 13 } },
      "12": { "start": { "line": 13, "column": 0 }, "end": { "line": 13, "column": 15 } },
      "13": { "start": { "line": 14, "column": 0 }, "end": { "line": 14, "column": 38 } },
      "14": { "start": { "line": 15, "column": 0 }, "end": { "line": 15, "column": 44 } },
      "15": { "start": { "line": 16, "column": 0 }, "end": { "line": 16, "column": 24 } },
      "16": { "start": { "line": 17, "column": 0 }, "end": { "line": 17, "column": 3 } },
      "17": { "start": { "line": 18, "column": 0 }, "end": { "line": 18, "column": 19 } },
      "18": { "start": { "line": 19, "column": 0 }, "end": { "line": 19, "column": 19 } },
      "19": { "start": { "line": 20, "column": 0 }, "end": { "line": 20, "column": 24 } },
      "20": { "start": { "line": 21, "column": 0 }, "end": { "line": 21, "column": 3 } },
      "21": { "start": { "line": 22, "column": 0 }, "end": { "line": 22, "column": 2 } },
      "22": { "start": { "line": 23, "column": 0 }, "end": { "line": 23, "column": 25 } },
      "23": { "start": { "line": 24, "column": 0 }, "end": { "line": 24, "column": 16 } },
      "24": { "start": { "line": 25, "column": 0 }, "end": { "line": 25, "column": 16 } },
      "25": { "start": { "line": 26, "column": 0 }, "end": { "line": 26, "column": 24 } },
      "26": { "start": { "line": 27, "column": 0 }, "end": { "line": 27, "column": 23 } },
      "27": { "start": { "line": 28, "column": 0 }, "end": { "line": 28, "column": 21 } },
      "28": { "start": { "line": 29, "column": 0 }, "end": { "line": 29, "column": 25 } },
      "29": { "start": { "line": 30, "column": 0 }, "end": { "line": 30, "column": 33 } },
      "30": { "start": { "line": 31, "column": 0 }, "end": { "line": 31, "column": 3 } },
      "31": { "start": { "line": 32, "column": 0 }, "end": { "line": 32, "column": 7508 } },
      "32": { "start": { "line": 33, "column": 0 }, "end": { "line": 33, "column": 48 } },
      "33": { "start": { "line": 34, "column": 0 }, "end": { "line": 34, "column": 58 } },
      "34": { "start": { "line": 35, "column": 0 }, "end": { "line": 35, "column": 54 } },
      "35": { "start": { "line": 36, "column": 0 }, "end": { "line": 36, "column": 8731 } }
    },
    "s": {
      "0": 0,
      "1": 0,
      "2": 0,
      "3": 0,
      "4": 0,
      "5": 0,
      "7": 0,
      "8": 0,
      "9": 0,
      "11": 0,
      "12": 0,
      "13": 0,
      "14": 0,
      "15": 0,
      "16": 0,
      "17": 0,
      "18": 0,
      "19": 0,
      "20": 0,
      "21": 0,
      "22": 0,
      "23": 0,
      "24": 0,
      "25": 0,
      "26": 0,
      "27": 0,
      "28": 0,
      "29": 0,
      "30": 0,
      "31": 0,
      "32": 0,
      "33": 0,
      "34": 0,
      "35": 0
    },
    "branchMap": {
      "0": {
        "type": "branch",
        "line": 1,
        "loc": { "start": { "line": 1, "column": 0 }, "end": { "line": 36, "column": 6727 } },
        "locations": [
          { "start": { "line": 1, "column": 0 }, "end": { "line": 36, "column": 6727 } }
        ]
      }
    },
    "b": { "0": [0] },
    "fnMap": {
      "0": {
        "name": "(empty-report)",
        "decl": { "start": { "line": 1, "column": 0 }, "end": { "line": 36, "column": 6727 } },
        "loc": { "start": { "line": 1, "column": 0 }, "end": { "line": 36, "column": 6727 } },
        "line": 1
      }
    },
    "f": { "0": 0 }
  },
  "/home/reghoul/openclaw-pm-dashboard/frontend/dist/assets/blockDiagram-WCTKOSBZ-Dx2B7_tX.js": {
    "path": "/home/reghoul/openclaw-pm-dashboard/frontend/dist/assets/blockDiagram-WCTKOSBZ-Dx2B7_tX.js",
    "all": true,
    "statementMap": {
      "0": { "start": { "line": 1, "column": 0 }, "end": { "line": 1, "column": 7923 } },
      "1": { "start": { "line": 2, "column": 0 }, "end": { "line": 2, "column": 20 } },
      "2": { "start": { "line": 3, "column": 0 }, "end": { "line": 3, "column": 2981 } },
      "3": { "start": { "line": 4, "column": 0 }, "end": { "line": 4, "column": 604 } },
      "4": { "start": { "line": 5, "column": 0 }, "end": { "line": 5, "column": 1896 } },
      "5": { "start": { "line": 6, "column": 0 }, "end": { "line": 6, "column": 14038 } },
      "6": { "start": { "line": 7, "column": 0 }, "end": { "line": 7, "column": 33 } },
      "7": { "start": { "line": 8, "column": 0 }, "end": { "line": 8, "column": 43 } },
      "8": { "start": { "line": 9, "column": 0 }, "end": { "line": 9, "column": 3 } },
      "9": { "start": { "line": 10, "column": 0 }, "end": { "line": 10, "column": 23 } },
      "10": { "start": { "line": 11, "column": 0 }, "end": { "line": 11, "column": 26 } },
      "11": { "start": { "line": 12, "column": 0 }, "end": { "line": 12, "column": 3 } },
      "12": { "start": { "line": 13, "column": 0 }, "end": { "line": 13, "column": 25 } },
      "13": { "start": { "line": 14, "column": 0 }, "end": { "line": 14, "column": 27 } },
      "14": { "start": { "line": 15, "column": 0 }, "end": { "line": 15, "column": 3 } },
      "18": { "start": { "line": 19, "column": 0 }, "end": { "line": 19, "column": 22 } },
      "19": { "start": { "line": 20, "column": 0 }, "end": { "line": 20, "column": 42 } },
      "20": { "start": { "line": 21, "column": 0 }, "end": { "line": 21, "column": 43 } },
      "21": { "start": { "line": 22, "column": 0 }, "end": { "line": 22, "column": 3 } },
      "23": { "start": { "line": 24, "column": 0 }, "end": { "line": 24, "column": 13 } },
      "24": { "start": { "line": 25, "column": 0 }, "end": { "line": 25, "column": 15 } },
      "25": { "start": { "line": 26, "column": 0 }, "end": { "line": 26, "column": 16 } },
      "26": { "start": { "line": 27, "column": 0 }, "end": { "line": 27, "column": 16 } },
      "27": { "start": { "line": 28, "column": 0 }, "end": { "line": 28, "column": 14 } },
      "28": { "start": { "line": 29, "column": 0 }, "end": { "line": 29, "column": 23 } },
      "29": { "start": { "line": 30, "column": 0 }, "end": { "line": 30, "column": 28 } },
      "30": { "start": { "line": 31, "column": 0 }, "end": { "line": 31, "column": 22 } },
      "31": { "start": { "line": 32, "column": 0 }, "end": { "line": 32, "column": 3 } },
      "32": { "start": { "line": 33, "column": 0 }, "end": { "line": 33, "column": 25 } },
      "33": { "start": { "line": 34, "column": 0 }, "end": { "line": 34, "column": 24 } },
      "34": { "start": { "line": 35, "column": 0 }, "end": { "line": 35, "column": 3 } },
      "35": { "start": { "line": 36, "column": 0 }, "end": { "line": 36, "column": 41 } },
      "36": { "start": { "line": 37, "column": 0 }, "end": { "line": 37, "column": 27 } },
      "37": { "start": { "line": 38, "column": 0 }, "end": { "line": 38, "column": 6 } },
      "38": { "start": { "line": 39, "column": 0 }, "end": { "line": 39, "column": 41 } },
      "39": { "start": { "line": 40, "column": 0 }, "end": { "line": 40, "column": 26 } },
      "40": { "start": { "line": 41, "column": 0 }, "end": { "line": 41, "column": 6 } },
      "42": { "start": { "line": 43, "column": 0 }, "end": { "line": 43, "column": 16 } },
      "43": { "start": { "line": 44, "column": 0 }, "end": { "line": 44, "column": 23 } },
      "44": { "start": { "line": 45, "column": 0 }, "end": { "line": 45, "column": 3 } },
      "45": { "start": { "line": 46, "column": 0 }, "end": { "line": 46, "column": 19 } },
      "46": { "start": { "line": 47, "column": 0 }, "end": { "line": 47, "column": 20 } },
      "47": { "start": { "line": 48, "column": 0 }, "end": { "line": 48, "column": 3 } },
      "49": { "start": { "line": 50, "column": 0 }, "end": { "line": 50, "column": 18 } },
      "50": { "start": { "line": 51, "column": 0 }, "end": { "line": 51, "column": 30 } },
      "51": { "start": { "line": 52, "column": 0 }, "end": { "line": 52, "column": 3 } },
      "53": { "start": { "line": 54, "column": 0 }, "end": { "line": 54, "column": 19 } },
      "54": { "start": { "line": 55, "column": 0 }, "end": { "line": 55, "column": 27 } },
      "55": { "start": { "line": 56, "column": 0 }, "end": { "line": 56, "column": 24 } },
      "56": { "start": { "line": 57, "column": 0 }, "end": { "line": 57, "column": 3 } },
      "58": { "start": { "line": 59, "column": 0 }, "end": { "line": 59, "column": 19 } },
      "59": { "start": { "line": 60, "column": 0 }, "end": { "line": 60, "column": 27 } },
      "60": { "start": { "line": 61, "column": 0 }, "end": { "line": 61, "column": 15 } },
      "61": { "start": { "line": 62, "column": 0 }, "end": { "line": 62, "column": 3 } },
      "63": { "start": { "line": 64, "column": 0 }, "end": { "line": 64, "column": 14 } },
      "64": { "start": { "line": 65, "column": 0 }, "end": { "line": 65, "column": 47 } },
      "65": { "start": { "line": 66, "column": 0 }, "end": { "line": 66, "column": 6 } },
      "66": { "start": { "line": 67, "column": 0 }, "end": { "line": 67, "column": 72 } },
      "67": { "start": { "line": 68, "column": 0 }, "end": { "line": 68, "column": 40 } },
      "68": { "start": { "line": 69, "column": 0 }, "end": { "line": 69, "column": 6 } },
      "69": { "start": { "line": 70, "column": 0 }, "end": { "line": 70, "column": 64 } },
      "70": { "start": { "line": 71, "column": 0 }, "end": { "line": 71, "column": 7 } },
      "71": { "start": { "line": 72, "column": 0 }, "end": { "line": 72, "column": 7 } },
      "72": { "start": { "line": 73, "column": 0 }, "end": { "line": 73, "column": 16 } },
      "73": { "start": { "line": 74, "column": 0 }, "end": { "line": 74, "column": 17 } },
      "74": { "start": { "line": 75, "column": 0 }, "end": { "line": 75, "column": 22 } },
      "75": { "start": { "line": 76, "column": 0 }, "end": { "line": 76, "column": 5 } },
      "76": { "start": { "line": 77, "column": 0 }, "end": { "line": 77, "column": 10 } },
      "77": { "start": { "line": 78, "column": 0 }, "end": { "line": 78, "column": 19 } },
      "78": { "start": { "line": 79, "column": 0 }, "end": { "line": 79, "column": 49 } },
      "79": { "start": { "line": 80, "column": 0 }, "end": { "line": 80, "column": 37 } },
      "80": { "start": { "line": 81, "column": 0 }, "end": { "line": 81, "column": 5 } },
      "81": { "start": { "line": 82, "column": 0 }, "end": { "line": 82, "column": 23 } },
      "82": { "start": { "line": 83, "column": 0 }, "end": { "line": 83, "column": 3 } },
      "84": { "start": { "line": 85, "column": 0 }, "end": { "line": 85, "column": 28 } },
      "85": { "start": { "line": 86, "column": 0 }, "end": { "line": 86, "column": 13 } },
      "86": { "start": { "line": 87, "column": 0 }, "end": { "line": 87, "column": 47 } },
      "87": { "start": { "line": 88, "column": 0 }, "end": { "line": 88, "column": 3 } },
      "89": { "start": { "line": 90, "column": 0 }, "end": { "line": 90, "column": 18 } },
      "90": { "start": { "line": 91, "column": 0 }, "end": { "line": 91, "column": 33 } },
      "91": { "start": { "line": 92, "column": 0 }, "end": { "line": 92, "column": 33 } },
      "92": { "start": { "line": 93, "column": 0 }, "end": { "line": 93, "column": 38 } },
      "93": { "start": { "line": 94, "column": 0 }, "end": { "line": 94, "column": 96 } },
      "94": { "start": { "line": 95, "column": 0 }, "end": { "line": 95, "column": 22 } },
      "95": { "start": { "line": 96, "column": 0 }, "end": { "line": 96, "column": 3 } },
      "97": { "start": { "line": 98, "column": 0 }, "end": { "line": 98, "column": 17 } },
      "98": { "start": { "line": 99, "column": 0 }, "end": { "line": 99, "column": 26 } },
      "99": { "start": { "line": 100, "column": 0 }, "end": { "line": 100, "column": 3 } },
      "101": { "start": { "line": 102, "column": 0 }, "end": { "line": 102, "column": 19 } },
      "102": { "start": { "line": 103, "column": 0 }, "end": { "line": 103, "column": 27 } },
      "103": { "start": { "line": 104, "column": 0 }, "end": { "line": 104, "column": 3 } },
      "104": { "start": { "line": 105, "column": 0 }, "end": { "line": 105, "column": 19 } },
      "105": { "start": { "line": 106, "column": 0 }, "end": { "line": 106, "column": 27 } },
      "106": { "start": { "line": 107, "column": 0 }, "end": { "line": 107, "column": 6 } },
      "108": { "start": { "line": 109, "column": 0 }, "end": { "line": 109, "column": 22 } },
      "109": { "start": { "line": 110, "column": 0 }, "end": { "line": 110, "column": 23 } },
      "110": { "start": { "line": 111, "column": 0 }, "end": { "line": 111, "column": 23 } },
      "111": { "start": { "line": 112, "column": 0 }, "end": { "line": 112, "column": 21 } },
      "112": { "start": { "line": 113, "column": 0 }, "end": { "line": 113, "column": 17 } },
      "113": { "start": { "line": 114, "column": 0 }, "end": { "line": 114, "column": 33 } },
      "114": { "start": { "line": 115, "column": 0 }, "end": { "line": 115, "column": 20 } },
      "115": { "start": { "line": 116, "column": 0 }, "end": { "line": 116, "column": 35 } },
      "116": { "start": { "line": 117, "column": 0 }, "end": { "line": 117, "column": 35 } },
      "117": { "start": { "line": 118, "column": 0 }, "end": { "line": 118, "column": 23 } },
      "118": { "start": { "line": 119, "column": 0 }, "end": { "line": 119, "column": 25 } },
      "119": { "start": { "line": 120, "column": 0 }, "end": { "line": 120, "column": 17 } },
      "120": { "start": { "line": 121, "column": 0 }, "end": { "line": 121, "column": 3 } },
      "122": { "start": { "line": 123, "column": 0 }, "end": { "line": 123, "column": 23 } },
      "123": { "start": { "line": 124, "column": 0 }, "end": { "line": 124, "column": 24 } },
      "124": { "start": { "line": 125, "column": 0 }, "end": { "line": 125, "column": 20 } },
      "125": { "start": { "line": 126, "column": 0 }, "end": { "line": 126, "column": 25 } },
      "126": { "start": { "line": 127, "column": 0 }, "end": { "line": 127, "column": 3 } },
      "127": { "start": { "line": 128, "column": 0 }, "end": { "line": 128, "column": 9 } },
      "128": { "start": { "line": 129, "column": 0 }, "end": { "line": 129, "column": 16385 } },
      "129": { "start": { "line": 130, "column": 0 }, "end": { "line": 130, "column": 36 } },
      "130": { "start": { "line": 131, "column": 0 }, "end": { "line": 131, "column": 36 } },
      "131": { "start": { "line": 132, "column": 0 }, "end": { "line": 132, "column": 25740 } }
    },
    "s": {
      "0": 0,
      "1": 0,
      "2": 0,
      "3": 0,
      "4": 0,
      "5": 0,
      "6": 0,
      "7": 0,
      "8": 0,
      "9": 0,
      "10": 0,
      "11": 0,
      "12": 0,
      "13": 0,
      "14": 0,
      "18": 0,
      "19": 0,
      "20": 0,
      "21": 0,
      "23": 0,
      "24": 0,
      "25": 0,
      "26": 0,
      "27": 0,
      "28": 0,
      "29": 0,
      "30": 0,
      "31": 0,
      "32": 0,
      "33": 0,
      "34": 0,
      "35": 0,
      "36": 0,
      "37": 0,
      "38": 0,
      "39": 0,
      "40": 0,
      "42": 0,
      "43": 0,
      "44": 0,
      "45": 0,
      "46": 0,
      "47": 0,
      "49": 0,
      "50": 0,
      "51": 0,
      "53": 0,
      "54": 0,
      "55": 0,
      "56": 0,
      "58": 0,
      "59": 0,
      "60": 0,
      "61": 0,
      "63": 0,
      "64": 0,
      "65": 0,
      "66": 0,
      "67": 0,
      "68": 0,
      "69": 0,
      "70": 0,
      "71": 0,
      "72": 0,
      "73": 0,
      "74": 0,
      "75": 0,
      "76": 0,
      "77": 0,
      "78": 0,
      "79": 0,
      "80": 0,
      "81": 0,
      "82": 0,
      "84": 0,
      "85": 0,
      "86": 0,
      "87": 0,
      "89": 0,
      "90": 0,
      "91": 0,
      "92": 0,
      "93": 0,
      "94": 0,
      "95": 0,
      "97": 0,
      "98": 0,
      "99": 0,
      "101": 0,
      "102": 0,
      "103": 0,
      "104": 0,
      "105": 0,
      "106": 0,
      "108": 0,
      "109": 0,
      "110": 0,
      "111": 0,
      "112": 0,
      "113": 0,
      "114": 0,
      "115": 0,
      "116": 0,
      "117": 0,
      "118": 0,
      "119": 0,
      "120": 0,
      "122": 0,
      "123": 0,
      "124": 0,
      "125": 0,
      "126": 0,
      "127": 0,
      "128": 0,
      "129": 0,
      "130": 0,
      "131": 0
    },
    "branchMap": {
      "0": {
        "type": "branch",
        "line": 1,
        "loc": { "start": { "line": 1, "column": 0 }, "end": { "line": 132, "column": 19801 } },
        "locations": [
          { "start": { "line": 1, "column": 0 }, "end": { "line": 132, "column": 19801 } }
        ]
      }
    },
    "b": { "0": [0] },
    "fnMap": {
      "0": {
        "name": "(empty-report)",
        "decl": { "start": { "line": 1, "column": 0 }, "end": { "line": 132, "column": 19801 } },
        "loc": { "start": { "line": 1, "column": 0 }, "end": { "line": 132, "column": 19801 } },
        "line": 1
      }
    },
    "f": { "0": 0 }
  },
  "/home/reghoul/openclaw-pm-dashboard/frontend/dist/assets/c4Diagram-IC4MRINW-B7gaTsoA.js": {
    "path": "/home/reghoul/openclaw-pm-dashboard/frontend/dist/assets/c4Diagram-IC4MRINW-B7gaTsoA.js",
    "all": true,
    "statementMap": {
      "0": { "start": { "line": 1, "column": 0 }, "end": { "line": 1, "column": 13685 } },
      "1": { "start": { "line": 2, "column": 0 }, "end": { "line": 2, "column": 20 } },
      "2": { "start": { "line": 3, "column": 0 }, "end": { "line": 3, "column": 2993 } },
      "3": { "start": { "line": 4, "column": 0 }, "end": { "line": 4, "column": 604 } },
      "4": { "start": { "line": 5, "column": 0 }, "end": { "line": 5, "column": 1896 } },
      "5": { "start": { "line": 6, "column": 0 }, "end": { "line": 6, "column": 50704 } },
      "6": { "start": { "line": 7, "column": 0 }, "end": { "line": 7, "column": 30 } },
      "7": { "start": { "line": 8, "column": 0 }, "end": { "line": 8, "column": 25 } },
      "8": { "start": { "line": 9, "column": 0 }, "end": { "line": 9, "column": 3 } },
      "9": { "start": { "line": 10, "column": 0 }, "end": { "line": 10, "column": 148 } }
    },
    "s": { "0": 0, "1": 0, "2": 0, "3": 0, "4": 0, "5": 0, "6": 0, "7": 0, "8": 0, "9": 0 },
    "branchMap": {
      "0": {
        "type": "branch",
        "line": 1,
        "loc": { "start": { "line": 1, "column": 0 }, "end": { "line": 10, "column": -2355 } },
        "locations": [
          { "start": { "line": 1, "column": 0 }, "end": { "line": 10, "column": -2355 } }
        ]
      }
    },
    "b": { "0": [0] },
    "fnMap": {
      "0": {
        "name": "(empty-report)",
        "decl": { "start": { "line": 1, "column": 0 }, "end": { "line": 10, "column": -2355 } },
        "loc": { "start": { "line": 1, "column": 0 }, "end": { "line": 10, "column": -2355 } },
        "line": 1
      }
    },
    "f": { "0": 0 }
  },
  "/home/reghoul/openclaw-pm-dashboard/frontend/dist/assets/channel-BcZjTi0h.js": {
    "path": "/home/reghoul/openclaw-pm-dashboard/frontend/dist/assets/channel-BcZjTi0h.js",
    "all": true,
    "statementMap": {
      "0": { "start": { "line": 1, "column": 0 }, "end": { "line": 1, "column": 107 } }
    },
    "s": { "0": 0 },
    "branchMap": {
      "0": {
        "type": "branch",
        "line": 1,
        "loc": { "start": { "line": 1, "column": 0 }, "end": { "line": 1, "column": 60 } },
        "locations": [{ "start": { "line": 1, "column": 0 }, "end": { "line": 1, "column": 60 } }]
      }
    },
    "b": { "0": [0] },
    "fnMap": {
      "0": {
        "name": "(empty-report)",
        "decl": { "start": { "line": 1, "column": 0 }, "end": { "line": 1, "column": 60 } },
        "loc": { "start": { "line": 1, "column": 0 }, "end": { "line": 1, "column": 60 } },
        "line": 1
      }
    },
    "f": { "0": 0 }
  },
  "/home/reghoul/openclaw-pm-dashboard/frontend/dist/assets/chunk-4BX2VUAB-CvvH_SWi.js": {
    "path": "/home/reghoul/openclaw-pm-dashboard/frontend/dist/assets/chunk-4BX2VUAB-CvvH_SWi.js",
    "all": true,
    "statementMap": {
      "0": { "start": { "line": 1, "column": 0 }, "end": { "line": 1, "column": 289 } }
    },
    "s": { "0": 0 },
    "branchMap": {
      "0": {
        "type": "branch",
        "line": 1,
        "loc": { "start": { "line": 1, "column": 0 }, "end": { "line": 1, "column": 233 } },
        "locations": [{ "start": { "line": 1, "column": 0 }, "end": { "line": 1, "column": 233 } }]
      }
    },
    "b": { "0": [0] },
    "fnMap": {
      "0": {
        "name": "(empty-report)",
        "decl": { "start": { "line": 1, "column": 0 }, "end": { "line": 1, "column": 233 } },
        "loc": { "start": { "line": 1, "column": 0 }, "end": { "line": 1, "column": 233 } },
        "line": 1
      }
    },
    "f": { "0": 0 }
  },
  "/home/reghoul/openclaw-pm-dashboard/frontend/dist/assets/chunk-55IACEB6-BhdwPqss.js": {
    "path": "/home/reghoul/openclaw-pm-dashboard/frontend/dist/assets/chunk-55IACEB6-BhdwPqss.js",
    "all": true,
    "statementMap": {
      "0": { "start": { "line": 1, "column": 0 }, "end": { "line": 1, "column": 227 } }
    },
    "s": { "0": 0 },
    "branchMap": {
      "0": {
        "type": "branch",
        "line": 1,
        "loc": { "start": { "line": 1, "column": 0 }, "end": { "line": 1, "column": 122 } },
        "locations": [{ "start": { "line": 1, "column": 0 }, "end": { "line": 1, "column": 122 } }]
      }
    },
    "b": { "0": [0] },
    "fnMap": {
      "0": {
        "name": "(empty-report)",
        "decl": { "start": { "line": 1, "column": 0 }, "end": { "line": 1, "column": 122 } },
        "loc": { "start": { "line": 1, "column": 0 }, "end": { "line": 1, "column": 122 } },
        "line": 1
      }
    },
    "f": { "0": 0 }
  },
  "/home/reghoul/openclaw-pm-dashboard/frontend/dist/assets/chunk-FMBD7UC4-D7BqWKaW.js": {
    "path": "/home/reghoul/openclaw-pm-dashboard/frontend/dist/assets/chunk-FMBD7UC4-D7BqWKaW.js",
    "all": true,
    "statementMap": {
      "0": { "start": { "line": 1, "column": 0 }, "end": { "line": 1, "column": 53 } },
      "1": { "start": { "line": 2, "column": 0 }, "end": { "line": 2, "column": 48 } },
      "2": { "start": { "line": 3, "column": 0 }, "end": { "line": 3, "column": 15 } },
      "3": { "start": { "line": 4, "column": 0 }, "end": { "line": 4, "column": 26 } },
      "4": { "start": { "line": 5, "column": 0 }, "end": { "line": 5, "column": 16 } },
      "5": { "start": { "line": 6, "column": 0 }, "end": { "line": 6, "column": 22 } },
      "6": { "start": { "line": 7, "column": 0 }, "end": { "line": 7, "column": 29 } },
      "7": { "start": { "line": 8, "column": 0 }, "end": { "line": 8, "column": 3 } },
      "8": { "start": { "line": 9, "column": 0 }, "end": { "line": 9, "column": 2 } },
      "9": { "start": { "line": 10, "column": 0 }, "end": { "line": 10, "column": 26 } },
      "10": { "start": { "line": 11, "column": 0 }, "end": { "line": 11, "column": 23 } },
      "11": { "start": { "line": 12, "column": 0 }, "end": { "line": 12, "column": 19 } },
      "12": { "start": { "line": 13, "column": 0 }, "end": { "line": 13, "column": 25 } },
      "13": { "start": { "line": 14, "column": 0 }, "end": { "line": 14, "column": 3 } },
      "14": { "start": { "line": 15, "column": 0 }, "end": { "line": 15, "column": 34 } }
    },
    "s": {
      "0": 0,
      "1": 0,
      "2": 0,
      "3": 0,
      "4": 0,
      "5": 0,
      "6": 0,
      "7": 0,
      "8": 0,
      "9": 0,
      "10": 0,
      "11": 0,
      "12": 0,
      "13": 0,
      "14": 0
    },
    "branchMap": {
      "0": {
        "type": "branch",
        "line": 1,
        "loc": { "start": { "line": 1, "column": 0 }, "end": { "line": 15, "column": -52 } },
        "locations": [{ "start": { "line": 1, "column": 0 }, "end": { "line": 15, "column": -52 } }]
      }
    },
    "b": { "0": [0] },
    "fnMap": {
      "0": {
        "name": "(empty-report)",
        "decl": { "start": { "line": 1, "column": 0 }, "end": { "line": 15, "column": -52 } },
        "loc": { "start": { "line": 1, "column": 0 }, "end": { "line": 15, "column": -52 } },
        "line": 1
      }
    },
    "f": { "0": 0 }
  },
  "/home/reghoul/openclaw-pm-dashboard/frontend/dist/assets/chunk-JSJVCQXG-BQTY_mCM.js": {
    "path": "/home/reghoul/openclaw-pm-dashboard/frontend/dist/assets/chunk-JSJVCQXG-BQTY_mCM.js",
    "all": true,
    "statementMap": {
      "0": { "start": { "line": 1, "column": 0 }, "end": { "line": 1, "column": 1851 } }
    },
    "s": { "0": 0 },
    "branchMap": {
      "0": {
        "type": "branch",
        "line": 1,
        "loc": { "start": { "line": 1, "column": 0 }, "end": { "line": 1, "column": 1512 } },
        "locations": [{ "start": { "line": 1, "column": 0 }, "end": { "line": 1, "column": 1512 } }]
      }
    },
    "b": { "0": [0] },
    "fnMap": {
      "0": {
        "name": "(empty-report)",
        "decl": { "start": { "line": 1, "column": 0 }, "end": { "line": 1, "column": 1512 } },
        "loc": { "start": { "line": 1, "column": 0 }, "end": { "line": 1, "column": 1512 } },
        "line": 1
      }
    },
    "f": { "0": 0 }
  },
  "/home/reghoul/openclaw-pm-dashboard/frontend/dist/assets/chunk-KX2RTZJC-DOuAdk2w.js": {
    "path": "/home/reghoul/openclaw-pm-dashboard/frontend/dist/assets/chunk-KX2RTZJC-DOuAdk2w.js",
    "all": true,
    "statementMap": {
      "0": { "start": { "line": 1, "column": 0 }, "end": { "line": 1, "column": 524 } }
    },
    "s": { "0": 0 },
    "branchMap": {
      "0": {
        "type": "branch",
        "line": 1,
        "loc": { "start": { "line": 1, "column": 0 }, "end": { "line": 1, "column": 379 } },
        "locations": [{ "start": { "line": 1, "column": 0 }, "end": { "line": 1, "column": 379 } }]
      }
    },
    "b": { "0": [0] },
    "fnMap": {
      "0": {
        "name": "(empty-report)",
        "decl": { "start": { "line": 1, "column": 0 }, "end": { "line": 1, "column": 379 } },
        "loc": { "start": { "line": 1, "column": 0 }, "end": { "line": 1, "column": 379 } },
        "line": 1
      }
    },
    "f": { "0": 0 }
  },
  "/home/reghoul/openclaw-pm-dashboard/frontend/dist/assets/chunk-NQ4KR5QH-DZGadc3l.js": {
    "path": "/home/reghoul/openclaw-pm-dashboard/frontend/dist/assets/chunk-NQ4KR5QH-DZGadc3l.js",
    "all": true,
    "statementMap": {
      "0": { "start": { "line": 1, "column": 0 }, "end": { "line": 1, "column": 8074 } },
      "1": { "start": { "line": 2, "column": 0 }, "end": { "line": 2, "column": 20 } },
      "2": { "start": { "line": 3, "column": 0 }, "end": { "line": 3, "column": 2978 } },
      "3": { "start": { "line": 4, "column": 0 }, "end": { "line": 4, "column": 604 } },
      "4": { "start": { "line": 5, "column": 0 }, "end": { "line": 5, "column": 1896 } },
      "5": { "start": { "line": 6, "column": 0 }, "end": { "line": 6, "column": 19426 } },
      "6": { "start": { "line": 7, "column": 0 }, "end": { "line": 7, "column": 28 } },
      "7": { "start": { "line": 8, "column": 0 }, "end": { "line": 8, "column": 31 } },
      "8": { "start": { "line": 9, "column": 0 }, "end": { "line": 9, "column": 33 } },
      "9": { "start": { "line": 10, "column": 0 }, "end": { "line": 10, "column": 3 } },
      "10": { "start": { "line": 11, "column": 0 }, "end": { "line": 11, "column": 19 } },
      "11": { "start": { "line": 12, "column": 0 }, "end": { "line": 12, "column": 24 } },
      "12": { "start": { "line": 13, "column": 0 }, "end": { "line": 13, "column": 15 } },
      "13": { "start": { "line": 14, "column": 0 }, "end": { "line": 14, "column": 18 } },
      "14": { "start": { "line": 15, "column": 0 }, "end": { "line": 15, "column": 1 } },
      "15": { "start": { "line": 16, "column": 0 }, "end": { "line": 16, "column": 19 } },
      "16": { "start": { "line": 17, "column": 0 }, "end": { "line": 17, "column": 23 } },
      "17": { "start": { "line": 18, "column": 0 }, "end": { "line": 18, "column": 15 } },
      "18": { "start": { "line": 19, "column": 0 }, "end": { "line": 19, "column": 18 } },
      "20": { "start": { "line": 21, "column": 0 }, "end": { "line": 21, "column": 1 } },
      "21": { "start": { "line": 22, "column": 0 }, "end": { "line": 22, "column": 27 } },
      "22": { "start": { "line": 23, "column": 0 }, "end": { "line": 23, "column": 22 } },
      "23": { "start": { "line": 24, "column": 0 }, "end": { "line": 24, "column": 29 } },
      "24": { "start": { "line": 25, "column": 0 }, "end": { "line": 25, "column": 1 } },
      "26": { "start": { "line": 27, "column": 0 }, "end": { "line": 27, "column": 19 } },
      "27": { "start": { "line": 28, "column": 0 }, "end": { "line": 28, "column": 21 } },
      "28": { "start": { "line": 29, "column": 0 }, "end": { "line": 29, "column": 26 } },
      "29": { "start": { "line": 30, "column": 0 }, "end": { "line": 30, "column": 1 } },
      "31": { "start": { "line": 32, "column": 0 }, "end": { "line": 32, "column": 19 } },
      "32": { "start": { "line": 33, "column": 0 }, "end": { "line": 33, "column": 25 } },
      "33": { "start": { "line": 34, "column": 0 }, "end": { "line": 34, "column": 18 } },
      "34": { "start": { "line": 35, "column": 0 }, "end": { "line": 35, "column": 1 } },
      "36": { "start": { "line": 37, "column": 0 }, "end": { "line": 37, "column": 13 } },
      "37": { "start": { "line": 38, "column": 0 }, "end": { "line": 38, "column": 31 } },
      "38": { "start": { "line": 39, "column": 0 }, "end": { "line": 39, "column": 18 } },
      "39": { "start": { "line": 40, "column": 0 }, "end": { "line": 40, "column": 13 } },
      "40": { "start": { "line": 41, "column": 0 }, "end": { "line": 41, "column": 1 } },
      "42": { "start": { "line": 43, "column": 0 }, "end": { "line": 43, "column": 23 } },
      "43": { "start": { "line": 44, "column": 0 }, "end": { "line": 44, "column": 24 } },
      "44": { "start": { "line": 45, "column": 0 }, "end": { "line": 45, "column": 20 } },
      "45": { "start": { "line": 46, "column": 0 }, "end": { "line": 46, "column": 1 } },
      "47": { "start": { "line": 48, "column": 0 }, "end": { "line": 48, "column": 27 } },
      "48": { "start": { "line": 49, "column": 0 }, "end": { "line": 49, "column": 16 } },
      "49": { "start": { "line": 50, "column": 0 }, "end": { "line": 50, "column": 20 } },
      "50": { "start": { "line": 51, "column": 0 }, "end": { "line": 51, "column": 1 } },
      "52": { "start": { "line": 53, "column": 0 }, "end": { "line": 53, "column": 13 } },
      "53": { "start": { "line": 54, "column": 0 }, "end": { "line": 54, "column": 31 } },
      "54": { "start": { "line": 55, "column": 0 }, "end": { "line": 55, "column": 26 } },
      "56": { "start": { "line": 57, "column": 0 }, "end": { "line": 57, "column": 8 } },
      "57": { "start": { "line": 58, "column": 0 }, "end": { "line": 58, "column": 29 } },
      "58": { "start": { "line": 59, "column": 0 }, "end": { "line": 59, "column": 17 } },
      "59": { "start": { "line": 60, "column": 0 }, "end": { "line": 60, "column": 20 } },
      "60": { "start": { "line": 61, "column": 0 }, "end": { "line": 61, "column": 3 } },
      "61": { "start": { "line": 62, "column": 0 }, "end": { "line": 62, "column": 1 } },
      "63": { "start": { "line": 64, "column": 0 }, "end": { "line": 64, "column": 18 } },
      "64": { "start": { "line": 65, "column": 0 }, "end": { "line": 65, "column": 15 } },
      "65": { "start": { "line": 66, "column": 0 }, "end": { "line": 66, "column": 18 } },
      "66": { "start": { "line": 67, "column": 0 }, "end": { "line": 67, "column": 21 } },
      "67": { "start": { "line": 68, "column": 0 }, "end": { "line": 68, "column": 15 } },
      "68": { "start": { "line": 69, "column": 0 }, "end": { "line": 69, "column": 1 } },
      "70": { "start": { "line": 71, "column": 0 }, "end": { "line": 71, "column": 24 } },
      "71": { "start": { "line": 72, "column": 0 }, "end": { "line": 72, "column": 34 } },
      "72": { "start": { "line": 73, "column": 0 }, "end": { "line": 73, "column": 15 } },
      "73": { "start": { "line": 74, "column": 0 }, "end": { "line": 74, "column": 1 } },
      "74": { "start": { "line": 75, "column": 0 }, "end": { "line": 75, "column": 12 } },
      "75": { "start": { "line": 76, "column": 0 }, "end": { "line": 76, "column": 45 } },
      "76": { "start": { "line": 77, "column": 0 }, "end": { "line": 77, "column": 5 } },
      "77": { "start": { "line": 78, "column": 0 }, "end": { "line": 78, "column": 47 } },
      "78": { "start": { "line": 79, "column": 0 }, "end": { "line": 79, "column": 3 } },
      "79": { "start": { "line": 80, "column": 0 }, "end": { "line": 80, "column": 8 } },
      "80": { "start": { "line": 81, "column": 0 }, "end": { "line": 81, "column": 17 } },
      "81": { "start": { "line": 82, "column": 0 }, "end": { "line": 82, "column": 47 } },
      "82": { "start": { "line": 83, "column": 0 }, "end": { "line": 83, "column": 35 } },
      "83": { "start": { "line": 84, "column": 0 }, "end": { "line": 84, "column": 3 } },
      "84": { "start": { "line": 85, "column": 0 }, "end": { "line": 85, "column": 21 } },
      "85": { "start": { "line": 86, "column": 0 }, "end": { "line": 86, "column": 1 } },
      "86": { "start": { "line": 87, "column": 0 }, "end": { "line": 87, "column": 24 } },
      "87": { "start": { "line": 88, "column": 0 }, "end": { "line": 88, "column": 55 } },
      "88": { "start": { "line": 89, "column": 0 }, "end": { "line": 89, "column": 1 } },
      "89": { "start": { "line": 90, "column": 0 }, "end": { "line": 90, "column": 23 } },
      "90": { "start": { "line": 91, "column": 0 }, "end": { "line": 91, "column": 56 } },
      "91": { "start": { "line": 92, "column": 0 }, "end": { "line": 92, "column": 1 } },
      "93": { "start": { "line": 94, "column": 0 }, "end": { "line": 94, "column": 18 } },
      "94": { "start": { "line": 95, "column": 0 }, "end": { "line": 95, "column": 29 } },
      "95": { "start": { "line": 96, "column": 0 }, "end": { "line": 96, "column": 18 } },
      "96": { "start": { "line": 97, "column": 0 }, "end": { "line": 97, "column": 20 } },
      "97": { "start": { "line": 98, "column": 0 }, "end": { "line": 98, "column": 1 } },
      "99": { "start": { "line": 100, "column": 0 }, "end": { "line": 100, "column": 26 } },
      "100": { "start": { "line": 101, "column": 0 }, "end": { "line": 101, "column": 31 } },
      "101": { "start": { "line": 102, "column": 0 }, "end": { "line": 102, "column": 33 } },
      "102": { "start": { "line": 103, "column": 0 }, "end": { "line": 103, "column": 1 } },
      "104": { "start": { "line": 105, "column": 0 }, "end": { "line": 105, "column": 18 } },
      "105": { "start": { "line": 106, "column": 0 }, "end": { "line": 106, "column": 31 } },
      "106": { "start": { "line": 107, "column": 0 }, "end": { "line": 107, "column": 33 } },
      "107": { "start": { "line": 108, "column": 0 }, "end": { "line": 108, "column": 1 } },
      "109": { "start": { "line": 110, "column": 0 }, "end": { "line": 110, "column": 24 } },
      "110": { "start": { "line": 111, "column": 0 }, "end": { "line": 111, "column": 32 } },
      "111": { "start": { "line": 112, "column": 0 }, "end": { "line": 112, "column": 26 } },
      "112": { "start": { "line": 113, "column": 0 }, "end": { "line": 113, "column": 19 } },
      "113": { "start": { "line": 114, "column": 0 }, "end": { "line": 114, "column": 1 } },
      "114": { "start": { "line": 115, "column": 0 }, "end": { "line": 115, "column": 18 } },
      "115": { "start": { "line": 116, "column": 0 }, "end": { "line": 116, "column": 47 } },
      "116": { "start": { "line": 117, "column": 0 }, "end": { "line": 117, "column": 29 } },
      "117": { "start": { "line": 118, "column": 0 }, "end": { "line": 118, "column": 19 } },
      "118": { "start": { "line": 119, "column": 0 }, "end": { "line": 119, "column": 1 } },
      "120": { "start": { "line": 121, "column": 0 }, "end": { "line": 121, "column": 12 } },
      "121": { "start": { "line": 122, "column": 0 }, "end": { "line": 122, "column": 33 } },
      "122": { "start": { "line": 123, "column": 0 }, "end": { "line": 123, "column": 41 } },
      "123": { "start": { "line": 124, "column": 0 }, "end": { "line": 124, "column": 20 } },
      "124": { "start": { "line": 125, "column": 0 }, "end": { "line": 125, "column": 1 } },
      "125": { "start": { "line": 126, "column": 0 }, "end": { "line": 126, "column": 15 } },
      "126": { "start": { "line": 127, "column": 0 }, "end": { "line": 127, "column": 21 } },
      "127": { "start": { "line": 128, "column": 0 }, "end": { "line": 128, "column": 42 } },
      "128": { "start": { "line": 129, "column": 0 }, "end": { "line": 129, "column": 20 } },
      "129": { "start": { "line": 130, "column": 0 }, "end": { "line": 130, "column": 1 } },
      "130": { "start": { "line": 131, "column": 0 }, "end": { "line": 131, "column": 23 } },
      "131": { "start": { "line": 132, "column": 0 }, "end": { "line": 132, "column": 23 } },
      "132": { "start": { "line": 133, "column": 0 }, "end": { "line": 133, "column": 1 } },
      "134": { "start": { "line": 135, "column": 0 }, "end": { "line": 135, "column": 28 } },
      "135": { "start": { "line": 136, "column": 0 }, "end": { "line": 136, "column": 38 } },
      "136": { "start": { "line": 137, "column": 0 }, "end": { "line": 137, "column": 41 } },
      "137": { "start": { "line": 138, "column": 0 }, "end": { "line": 138, "column": 20 } },
      "138": { "start": { "line": 139, "column": 0 }, "end": { "line": 139, "column": 1 } },
      "140": { "start": { "line": 141, "column": 0 }, "end": { "line": 141, "column": 28 } },
      "141": { "start": { "line": 142, "column": 0 }, "end": { "line": 142, "column": 30 } },
      "142": { "start": { "line": 143, "column": 0 }, "end": { "line": 143, "column": 20 } },
      "143": { "start": { "line": 144, "column": 0 }, "end": { "line": 144, "column": 1 } },
      "145": { "start": { "line": 146, "column": 0 }, "end": { "line": 146, "column": 34 } },
      "146": { "start": { "line": 147, "column": 0 }, "end": { "line": 147, "column": 10 } },
      "147": { "start": { "line": 148, "column": 0 }, "end": { "line": 148, "column": 10 } },
      "148": { "start": { "line": 149, "column": 0 }, "end": { "line": 149, "column": 1 } },
      "149": { "start": { "line": 150, "column": 0 }, "end": { "line": 150, "column": 30 } },
      "150": { "start": { "line": 151, "column": 0 }, "end": { "line": 151, "column": 41 } },
      "151": { "start": { "line": 152, "column": 0 }, "end": { "line": 152, "column": 1 } },
      "153": { "start": { "line": 154, "column": 0 }, "end": { "line": 154, "column": 34 } },
      "154": { "start": { "line": 155, "column": 0 }, "end": { "line": 155, "column": 10 } },
      "155": { "start": { "line": 156, "column": 0 }, "end": { "line": 156, "column": 10 } },
      "156": { "start": { "line": 157, "column": 0 }, "end": { "line": 157, "column": 1 } },
      "157": { "start": { "line": 158, "column": 0 }, "end": { "line": 158, "column": 51 } },
      "158": { "start": { "line": 159, "column": 0 }, "end": { "line": 159, "column": 47 } },
      "159": { "start": { "line": 160, "column": 0 }, "end": { "line": 160, "column": 1 } },
      "160": { "start": { "line": 161, "column": 0 }, "end": { "line": 161, "column": 55 } },
      "161": { "start": { "line": 162, "column": 0 }, "end": { "line": 162, "column": 53 } },
      "162": { "start": { "line": 163, "column": 0 }, "end": { "line": 163, "column": 1 } },
      "164": { "start": { "line": 165, "column": 0 }, "end": { "line": 165, "column": 30 } },
      "165": { "start": { "line": 166, "column": 0 }, "end": { "line": 166, "column": 7 } },
      "166": { "start": { "line": 167, "column": 0 }, "end": { "line": 167, "column": 7 } },
      "167": { "start": { "line": 168, "column": 0 }, "end": { "line": 168, "column": 1 } },
      "169": { "start": { "line": 170, "column": 0 }, "end": { "line": 170, "column": 32 } },
      "170": { "start": { "line": 171, "column": 0 }, "end": { "line": 171, "column": 10 } },
      "171": { "start": { "line": 172, "column": 0 }, "end": { "line": 172, "column": 10 } },
      "172": { "start": { "line": 173, "column": 0 }, "end": { "line": 173, "column": 1 } },
      "173": { "start": { "line": 174, "column": 0 }, "end": { "line": 174, "column": 34 } },
      "174": { "start": { "line": 175, "column": 0 }, "end": { "line": 175, "column": 26 } },
      "175": { "start": { "line": 176, "column": 0 }, "end": { "line": 176, "column": 53 } },
      "176": { "start": { "line": 177, "column": 0 }, "end": { "line": 177, "column": 1 } },
      "178": { "start": { "line": 179, "column": 0 }, "end": { "line": 179, "column": 12 } },
      "179": { "start": { "line": 180, "column": 0 }, "end": { "line": 180, "column": 22 } },
      "180": { "start": { "line": 181, "column": 0 }, "end": { "line": 181, "column": 1 } },
      "182": { "start": { "line": 183, "column": 0 }, "end": { "line": 183, "column": 25 } },
      "183": { "start": { "line": 184, "column": 0 }, "end": { "line": 184, "column": 26 } },
      "184": { "start": { "line": 185, "column": 0 }, "end": { "line": 185, "column": 31 } },
      "185": { "start": { "line": 186, "column": 0 }, "end": { "line": 186, "column": 20 } },
      "186": { "start": { "line": 187, "column": 0 }, "end": { "line": 187, "column": 8 } },
      "187": { "start": { "line": 188, "column": 0 }, "end": { "line": 188, "column": 8 } },
      "188": { "start": { "line": 189, "column": 0 }, "end": { "line": 189, "column": 1 } },
      "189": { "start": { "line": 190, "column": 0 }, "end": { "line": 190, "column": 25 } },
      "190": { "start": { "line": 191, "column": 0 }, "end": { "line": 191, "column": 26 } },
      "191": { "start": { "line": 192, "column": 0 }, "end": { "line": 192, "column": 31 } },
      "192": { "start": { "line": 193, "column": 0 }, "end": { "line": 193, "column": 20 } },
      "193": { "start": { "line": 194, "column": 0 }, "end": { "line": 194, "column": 8 } },
      "194": { "start": { "line": 195, "column": 0 }, "end": { "line": 195, "column": 8 } },
      "195": { "start": { "line": 196, "column": 0 }, "end": { "line": 196, "column": 1 } },
      "197": { "start": { "line": 198, "column": 0 }, "end": { "line": 198, "column": 25 } },
      "198": { "start": { "line": 199, "column": 0 }, "end": { "line": 199, "column": 27 } },
      "199": { "start": { "line": 200, "column": 0 }, "end": { "line": 200, "column": 1 } },
      "201": { "start": { "line": 202, "column": 0 }, "end": { "line": 202, "column": 31 } },
      "202": { "start": { "line": 203, "column": 0 }, "end": { "line": 203, "column": 28 } },
      "203": { "start": { "line": 204, "column": 0 }, "end": { "line": 204, "column": 1 } },
      "204": { "start": { "line": 205, "column": 0 }, "end": { "line": 205, "column": 26 } },
      "205": { "start": { "line": 206, "column": 0 }, "end": { "line": 206, "column": 36 } },
      "206": { "start": { "line": 207, "column": 0 }, "end": { "line": 207, "column": 1 } },
      "208": { "start": { "line": 209, "column": 0 }, "end": { "line": 209, "column": 34 } },
      "209": { "start": { "line": 210, "column": 0 }, "end": { "line": 210, "column": 23 } },
      "210": { "start": { "line": 211, "column": 0 }, "end": { "line": 211, "column": 25 } },
      "211": { "start": { "line": 212, "column": 0 }, "end": { "line": 212, "column": 18 } },
      "212": { "start": { "line": 213, "column": 0 }, "end": { "line": 213, "column": 1 } },
      "214": { "start": { "line": 215, "column": 0 }, "end": { "line": 215, "column": 24 } },
      "215": { "start": { "line": 216, "column": 0 }, "end": { "line": 216, "column": 22 } },
      "216": { "start": { "line": 217, "column": 0 }, "end": { "line": 217, "column": 18 } },
      "217": { "start": { "line": 218, "column": 0 }, "end": { "line": 218, "column": 23 } },
      "218": { "start": { "line": 219, "column": 0 }, "end": { "line": 219, "column": 1 } },
      "219": { "start": { "line": 220, "column": 0 }, "end": { "line": 220, "column": 61 } }
    },
    "s": {
      "0": 0,
      "1": 0,
      "2": 0,
      "3": 0,
      "4": 0,
      "5": 0,
      "6": 0,
      "7": 0,
      "8": 0,
      "9": 0,
      "10": 0,
      "11": 0,
      "12": 0,
      "13": 0,
      "14": 0,
      "15": 0,
      "16": 0,
      "17": 0,
      "18": 0,
      "20": 0,
      "21": 0,
      "22": 0,
      "23": 0,
      "24": 0,
      "26": 0,
      "27": 0,
      "28": 0,
      "29": 0,
      "31": 0,
      "32": 0,
      "33": 0,
      "34": 0,
      "36": 0,
      "37": 0,
      "38": 0,
      "39": 0,
      "40": 0,
      "42": 0,
      "43": 0,
      "44": 0,
      "45": 0,
      "47": 0,
      "48": 0,
      "49": 0,
      "50": 0,
      "52": 0,
      "53": 0,
      "54": 0,
      "56": 0,
      "57": 0,
      "58": 0,
      "59": 0,
      "60": 0,
      "61": 0,
      "63": 0,
      "64": 0,
      "65": 0,
      "66": 0,
      "67": 0,
      "68": 0,
      "70": 0,
      "71": 0,
      "72": 0,
      "73": 0,
      "74": 0,
      "75": 0,
      "76": 0,
      "77": 0,
      "78": 0,
      "79": 0,
      "80": 0,
      "81": 0,
      "82": 0,
      "83": 0,
      "84": 0,
      "85": 0,
      "86": 0,
      "87": 0,
      "88": 0,
      "89": 0,
      "90": 0,
      "91": 0,
      "93": 0,
      "94": 0,
      "95": 0,
      "96": 0,
      "97": 0,
      "99": 0,
      "100": 0,
      "101": 0,
      "102": 0,
      "104": 0,
      "105": 0,
      "106": 0,
      "107": 0,
      "109": 0,
      "110": 0,
      "111": 0,
      "112": 0,
      "113": 0,
      "114": 0,
      "115": 0,
      "116": 0,
      "117": 0,
      "118": 0,
      "120": 0,
      "121": 0,
      "122": 0,
      "123": 0,
      "124": 0,
      "125": 0,
      "126": 0,
      "127": 0,
      "128": 0,
      "129": 0,
      "130": 0,
      "131": 0,
      "132": 0,
      "134": 0,
      "135": 0,
      "136": 0,
      "137": 0,
      "138": 0,
      "140": 0,
      "141": 0,
      "142": 0,
      "143": 0,
      "145": 0,
      "146": 0,
      "147": 0,
      "148": 0,
      "149": 0,
      "150": 0,
      "151": 0,
      "153": 0,
      "154": 0,
      "155": 0,
      "156": 0,
      "157": 0,
      "158": 0,
      "159": 0,
      "160": 0,
      "161": 0,
      "162": 0,
      "164": 0,
      "165": 0,
      "166": 0,
      "167": 0,
      "169": 0,
      "170": 0,
      "171": 0,
      "172": 0,
      "173": 0,
      "174": 0,
      "175": 0,
      "176": 0,
      "178": 0,
      "179": 0,
      "180": 0,
      "182": 0,
      "183": 0,
      "184": 0,
      "185": 0,
      "186": 0,
      "187": 0,
      "188": 0,
      "189": 0,
      "190": 0,
      "191": 0,
      "192": 0,
      "193": 0,
      "194": 0,
      "195": 0,
      "197": 0,
      "198": 0,
      "199": 0,
      "201": 0,
      "202": 0,
      "203": 0,
      "204": 0,
      "205": 0,
      "206": 0,
      "208": 0,
      "209": 0,
      "210": 0,
      "211": 0,
      "212": 0,
      "214": 0,
      "215": 0,
      "216": 0,
      "217": 0,
      "218": 0,
      "219": 0
    },
    "branchMap": {
      "0": {
        "type": "branch",
        "line": 1,
        "loc": { "start": { "line": 1, "column": 0 }, "end": { "line": 220, "column": -2149 } },
        "locations": [
          { "start": { "line": 1, "column": 0 }, "end": { "line": 220, "column": -2149 } }
        ]
      }
    },
    "b": { "0": [0] },
    "fnMap": {
      "0": {
        "name": "(empty-report)",
        "decl": { "start": { "line": 1, "column": 0 }, "end": { "line": 220, "column": -2149 } },
        "loc": { "start": { "line": 1, "column": 0 }, "end": { "line": 220, "column": -2149 } },
        "line": 1
      }
    },
    "f": { "0": 0 }
  },
  "/home/reghoul/openclaw-pm-dashboard/frontend/dist/assets/chunk-QZHKN3VN-Fv4Rm6EQ.js": {
    "path": "/home/reghoul/openclaw-pm-dashboard/frontend/dist/assets/chunk-QZHKN3VN-Fv4Rm6EQ.js",
    "all": true,
    "statementMap": {
      "0": { "start": { "line": 1, "column": 0 }, "end": { "line": 1, "column": 185 } }
    },
    "s": { "0": 0 },
    "branchMap": {
      "0": {
        "type": "branch",
        "line": 1,
        "loc": { "start": { "line": 1, "column": 0 }, "end": { "line": 1, "column": 125 } },
        "locations": [{ "start": { "line": 1, "column": 0 }, "end": { "line": 1, "column": 125 } }]
      }
    },
    "b": { "0": [0] },
    "fnMap": {
      "0": {
        "name": "(empty-report)",
        "decl": { "start": { "line": 1, "column": 0 }, "end": { "line": 1, "column": 125 } },
        "loc": { "start": { "line": 1, "column": 0 }, "end": { "line": 1, "column": 125 } },
        "line": 1
      }
    },
    "f": { "0": 0 }
  },
  "/home/reghoul/openclaw-pm-dashboard/frontend/dist/assets/chunk-WL4C6EOR-DmD8gaoA.js": {
    "path": "/home/reghoul/openclaw-pm-dashboard/frontend/dist/assets/chunk-WL4C6EOR-DmD8gaoA.js",
    "all": true,
    "statementMap": {
      "0": { "start": { "line": 1, "column": 0 }, "end": { "line": 1, "column": 14161 } },
      "1": { "start": { "line": 2, "column": 0 }, "end": { "line": 2, "column": 20 } },
      "2": { "start": { "line": 3, "column": 0 }, "end": { "line": 3, "column": 2983 } },
      "3": { "start": { "line": 4, "column": 0 }, "end": { "line": 4, "column": 604 } },
      "4": { "start": { "line": 5, "column": 0 }, "end": { "line": 5, "column": 1896 } },
      "5": { "start": { "line": 6, "column": 0 }, "end": { "line": 6, "column": 22933 } },
      "6": { "start": { "line": 7, "column": 0 }, "end": { "line": 7, "column": 37 } },
      "7": { "start": { "line": 8, "column": 0 }, "end": { "line": 8, "column": 15 } },
      "8": { "start": { "line": 9, "column": 0 }, "end": { "line": 9, "column": 31 } },
      "9": { "start": { "line": 10, "column": 0 }, "end": { "line": 10, "column": 18 } },
      "11": { "start": { "line": 12, "column": 0 }, "end": { "line": 12, "column": 10 } },
      "12": { "start": { "line": 13, "column": 0 }, "end": { "line": 13, "column": 24 } },
      "13": { "start": { "line": 14, "column": 0 }, "end": { "line": 14, "column": 3 } },
      "15": { "start": { "line": 16, "column": 0 }, "end": { "line": 16, "column": 1 } },
      "17": { "start": { "line": 18, "column": 0 }, "end": { "line": 18, "column": 23 } },
      "18": { "start": { "line": 19, "column": 0 }, "end": { "line": 19, "column": 26 } },
      "19": { "start": { "line": 20, "column": 0 }, "end": { "line": 20, "column": 3 } },
      "20": { "start": { "line": 21, "column": 0 }, "end": { "line": 21, "column": 23 } },
      "21": { "start": { "line": 22, "column": 0 }, "end": { "line": 22, "column": 27 } },
      "22": { "start": { "line": 23, "column": 0 }, "end": { "line": 23, "column": 3 } },
      "23": { "start": { "line": 24, "column": 0 }, "end": { "line": 24, "column": 25 } },
      "24": { "start": { "line": 25, "column": 0 }, "end": { "line": 25, "column": 34 } },
      "25": { "start": { "line": 26, "column": 0 }, "end": { "line": 26, "column": 3 } },
      "27": { "start": { "line": 28, "column": 0 }, "end": { "line": 28, "column": 17 } },
      "28": { "start": { "line": 29, "column": 0 }, "end": { "line": 29, "column": 26 } },
      "29": { "start": { "line": 30, "column": 0 }, "end": { "line": 30, "column": 31 } },
      "30": { "start": { "line": 31, "column": 0 }, "end": { "line": 31, "column": 22 } },
      "31": { "start": { "line": 32, "column": 0 }, "end": { "line": 32, "column": 3 } },
      "33": { "start": { "line": 34, "column": 0 }, "end": { "line": 34, "column": 17 } },
      "34": { "start": { "line": 35, "column": 0 }, "end": { "line": 35, "column": 26 } },
      "35": { "start": { "line": 36, "column": 0 }, "end": { "line": 36, "column": 3 } },
      "37": { "start": { "line": 38, "column": 0 }, "end": { "line": 38, "column": 17 } },
      "38": { "start": { "line": 39, "column": 0 }, "end": { "line": 39, "column": 27 } },
      "39": { "start": { "line": 40, "column": 0 }, "end": { "line": 40, "column": 3 } },
      "41": { "start": { "line": 42, "column": 0 }, "end": { "line": 42, "column": 24 } },
      "42": { "start": { "line": 43, "column": 0 }, "end": { "line": 43, "column": 24 } },
      "43": { "start": { "line": 44, "column": 0 }, "end": { "line": 44, "column": 1 } },
      "44": { "start": { "line": 45, "column": 0 }, "end": { "line": 45, "column": 24 } },
      "45": { "start": { "line": 46, "column": 0 }, "end": { "line": 46, "column": 21 } },
      "46": { "start": { "line": 47, "column": 0 }, "end": { "line": 47, "column": 1 } },
      "47": { "start": { "line": 48, "column": 0 }, "end": { "line": 48, "column": 13 } },
      "48": { "start": { "line": 49, "column": 0 }, "end": { "line": 49, "column": 23 } },
      "49": { "start": { "line": 50, "column": 0 }, "end": { "line": 50, "column": 1 } },
      "51": { "start": { "line": 52, "column": 0 }, "end": { "line": 52, "column": 11 } },
      "52": { "start": { "line": 53, "column": 0 }, "end": { "line": 53, "column": 27 } },
      "53": { "start": { "line": 54, "column": 0 }, "end": { "line": 54, "column": 1 } },
      "54": { "start": { "line": 55, "column": 0 }, "end": { "line": 55, "column": 24 } },
      "55": { "start": { "line": 56, "column": 0 }, "end": { "line": 56, "column": 27 } },
      "56": { "start": { "line": 57, "column": 0 }, "end": { "line": 57, "column": 1 } },
      "58": { "start": { "line": 59, "column": 0 }, "end": { "line": 59, "column": 13 } },
      "59": { "start": { "line": 60, "column": 0 }, "end": { "line": 60, "column": 22 } },
      "60": { "start": { "line": 61, "column": 0 }, "end": { "line": 61, "column": 1 } },
      "61": { "start": { "line": 62, "column": 0 }, "end": { "line": 62, "column": 11 } },
      "62": { "start": { "line": 63, "column": 0 }, "end": { "line": 63, "column": 15 } },
      "63": { "start": { "line": 64, "column": 0 }, "end": { "line": 64, "column": 16 } },
      "64": { "start": { "line": 65, "column": 0 }, "end": { "line": 65, "column": 16 } },
      "65": { "start": { "line": 66, "column": 0 }, "end": { "line": 66, "column": 14 } },
      "66": { "start": { "line": 67, "column": 0 }, "end": { "line": 67, "column": 23 } },
      "67": { "start": { "line": 68, "column": 0 }, "end": { "line": 68, "column": 28 } },
      "68": { "start": { "line": 69, "column": 0 }, "end": { "line": 69, "column": 22 } },
      "69": { "start": { "line": 70, "column": 0 }, "end": { "line": 70, "column": 3 } },
      "72": { "start": { "line": 73, "column": 0 }, "end": { "line": 73, "column": 10 } },
      "73": { "start": { "line": 74, "column": 0 }, "end": { "line": 74, "column": 26 } },
      "74": { "start": { "line": 75, "column": 0 }, "end": { "line": 75, "column": 18 } },
      "75": { "start": { "line": 76, "column": 0 }, "end": { "line": 76, "column": 1 } },
      "77": { "start": { "line": 78, "column": 0 }, "end": { "line": 78, "column": 13 } },
      "78": { "start": { "line": 79, "column": 0 }, "end": { "line": 79, "column": 18 } },
      "79": { "start": { "line": 80, "column": 0 }, "end": { "line": 80, "column": 1 } },
      "81": { "start": { "line": 82, "column": 0 }, "end": { "line": 82, "column": 19 } },
      "82": { "start": { "line": 83, "column": 0 }, "end": { "line": 83, "column": 21 } },
      "83": { "start": { "line": 84, "column": 0 }, "end": { "line": 84, "column": 26 } },
      "84": { "start": { "line": 85, "column": 0 }, "end": { "line": 85, "column": 1 } },
      "86": { "start": { "line": 87, "column": 0 }, "end": { "line": 87, "column": 19 } },
      "87": { "start": { "line": 88, "column": 0 }, "end": { "line": 88, "column": 26 } },
      "88": { "start": { "line": 89, "column": 0 }, "end": { "line": 89, "column": 18 } },
      "89": { "start": { "line": 90, "column": 0 }, "end": { "line": 90, "column": 1 } },
      "91": { "start": { "line": 92, "column": 0 }, "end": { "line": 92, "column": 18 } },
      "92": { "start": { "line": 93, "column": 0 }, "end": { "line": 93, "column": 15 } },
      "93": { "start": { "line": 94, "column": 0 }, "end": { "line": 94, "column": 18 } },
      "94": { "start": { "line": 95, "column": 0 }, "end": { "line": 95, "column": 21 } },
      "95": { "start": { "line": 96, "column": 0 }, "end": { "line": 96, "column": 15 } },
      "96": { "start": { "line": 97, "column": 0 }, "end": { "line": 97, "column": 1 } },
      "98": { "start": { "line": 99, "column": 0 }, "end": { "line": 99, "column": 20 } },
      "99": { "start": { "line": 100, "column": 0 }, "end": { "line": 100, "column": 24 } },
      "100": { "start": { "line": 101, "column": 0 }, "end": { "line": 101, "column": 18 } },
      "101": { "start": { "line": 102, "column": 0 }, "end": { "line": 102, "column": 1 } },
      "103": { "start": { "line": 104, "column": 0 }, "end": { "line": 104, "column": 11 } },
      "104": { "start": { "line": 105, "column": 0 }, "end": { "line": 105, "column": 25 } },
      "105": { "start": { "line": 106, "column": 0 }, "end": { "line": 106, "column": 18 } },
      "106": { "start": { "line": 107, "column": 0 }, "end": { "line": 107, "column": 13 } },
      "107": { "start": { "line": 108, "column": 0 }, "end": { "line": 108, "column": 1 } },
      "109": { "start": { "line": 110, "column": 0 }, "end": { "line": 110, "column": 13 } },
      "110": { "start": { "line": 111, "column": 0 }, "end": { "line": 111, "column": 22 } },
      "111": { "start": { "line": 112, "column": 0 }, "end": { "line": 112, "column": 1 } },
      "113": { "start": { "line": 114, "column": 0 }, "end": { "line": 114, "column": 13 } },
      "114": { "start": { "line": 115, "column": 0 }, "end": { "line": 115, "column": 24 } },
      "115": { "start": { "line": 116, "column": 0 }, "end": { "line": 116, "column": 1 } },
      "117": { "start": { "line": 118, "column": 0 }, "end": { "line": 118, "column": 33 } },
      "118": { "start": { "line": 119, "column": 0 }, "end": { "line": 119, "column": 34 } },
      "119": { "start": { "line": 120, "column": 0 }, "end": { "line": 120, "column": 36 } },
      "120": { "start": { "line": 121, "column": 0 }, "end": { "line": 121, "column": 18 } },
      "121": { "start": { "line": 122, "column": 0 }, "end": { "line": 122, "column": 1 } },
      "123": { "start": { "line": 124, "column": 0 }, "end": { "line": 124, "column": 31 } },
      "124": { "start": { "line": 125, "column": 0 }, "end": { "line": 125, "column": 34 } },
      "125": { "start": { "line": 126, "column": 0 }, "end": { "line": 126, "column": 36 } },
      "126": { "start": { "line": 127, "column": 0 }, "end": { "line": 127, "column": 18 } },
      "127": { "start": { "line": 128, "column": 0 }, "end": { "line": 128, "column": 1 } },
      "129": { "start": { "line": 130, "column": 0 }, "end": { "line": 130, "column": 31 } },
      "130": { "start": { "line": 131, "column": 0 }, "end": { "line": 131, "column": 34 } },
      "131": { "start": { "line": 132, "column": 0 }, "end": { "line": 132, "column": 36 } },
      "132": { "start": { "line": 133, "column": 0 }, "end": { "line": 133, "column": 18 } },
      "133": { "start": { "line": 134, "column": 0 }, "end": { "line": 134, "column": 1 } },
      "135": { "start": { "line": 136, "column": 0 }, "end": { "line": 136, "column": 31 } },
      "136": { "start": { "line": 137, "column": 0 }, "end": { "line": 137, "column": 34 } },
      "137": { "start": { "line": 138, "column": 0 }, "end": { "line": 138, "column": 36 } },
      "138": { "start": { "line": 139, "column": 0 }, "end": { "line": 139, "column": 18 } },
      "139": { "start": { "line": 140, "column": 0 }, "end": { "line": 140, "column": 1 } },
      "141": { "start": { "line": 142, "column": 0 }, "end": { "line": 142, "column": 29 } },
      "142": { "start": { "line": 143, "column": 0 }, "end": { "line": 143, "column": 31 } },
      "143": { "start": { "line": 144, "column": 0 }, "end": { "line": 144, "column": 36 } },
      "144": { "start": { "line": 145, "column": 0 }, "end": { "line": 145, "column": 18 } },
      "145": { "start": { "line": 146, "column": 0 }, "end": { "line": 146, "column": 1 } },
      "147": { "start": { "line": 148, "column": 0 }, "end": { "line": 148, "column": 27 } },
      "148": { "start": { "line": 149, "column": 0 }, "end": { "line": 149, "column": 31 } },
      "149": { "start": { "line": 150, "column": 0 }, "end": { "line": 150, "column": 36 } },
      "150": { "start": { "line": 151, "column": 0 }, "end": { "line": 151, "column": 18 } },
      "151": { "start": { "line": 152, "column": 0 }, "end": { "line": 152, "column": 1 } },
      "153": { "start": { "line": 154, "column": 0 }, "end": { "line": 154, "column": 33 } },
      "154": { "start": { "line": 155, "column": 0 }, "end": { "line": 155, "column": 31 } },
      "155": { "start": { "line": 156, "column": 0 }, "end": { "line": 156, "column": 36 } },
      "156": { "start": { "line": 157, "column": 0 }, "end": { "line": 157, "column": 18 } },
      "157": { "start": { "line": 158, "column": 0 }, "end": { "line": 158, "column": 1 } },
      "159": { "start": { "line": 160, "column": 0 }, "end": { "line": 160, "column": 31 } },
      "160": { "start": { "line": 161, "column": 0 }, "end": { "line": 161, "column": 31 } },
      "161": { "start": { "line": 162, "column": 0 }, "end": { "line": 162, "column": 36 } },
      "162": { "start": { "line": 163, "column": 0 }, "end": { "line": 163, "column": 18 } },
      "163": { "start": { "line": 164, "column": 0 }, "end": { "line": 164, "column": 1 } },
      "165": { "start": { "line": 166, "column": 0 }, "end": { "line": 166, "column": 27 } },
      "166": { "start": { "line": 167, "column": 0 }, "end": { "line": 167, "column": 32 } },
      "167": { "start": { "line": 168, "column": 0 }, "end": { "line": 168, "column": 36 } },
      "168": { "start": { "line": 169, "column": 0 }, "end": { "line": 169, "column": 18 } },
      "169": { "start": { "line": 170, "column": 0 }, "end": { "line": 170, "column": 1 } },
      "171": { "start": { "line": 172, "column": 0 }, "end": { "line": 172, "column": 25 } },
      "172": { "start": { "line": 173, "column": 0 }, "end": { "line": 173, "column": 32 } },
      "173": { "start": { "line": 174, "column": 0 }, "end": { "line": 174, "column": 36 } },
      "174": { "start": { "line": 175, "column": 0 }, "end": { "line": 175, "column": 18 } },
      "175": { "start": { "line": 176, "column": 0 }, "end": { "line": 176, "column": 1 } },
      "177": { "start": { "line": 178, "column": 0 }, "end": { "line": 178, "column": 16 } },
      "178": { "start": { "line": 179, "column": 0 }, "end": { "line": 179, "column": 18 } },
      "179": { "start": { "line": 180, "column": 0 }, "end": { "line": 180, "column": 23 } },
      "180": { "start": { "line": 181, "column": 0 }, "end": { "line": 181, "column": 1 } },
      "182": { "start": { "line": 183, "column": 0 }, "end": { "line": 183, "column": 17 } },
      "183": { "start": { "line": 184, "column": 0 }, "end": { "line": 184, "column": 22 } },
      "184": { "start": { "line": 185, "column": 0 }, "end": { "line": 185, "column": 18 } },
      "185": { "start": { "line": 186, "column": 0 }, "end": { "line": 186, "column": 23 } },
      "186": { "start": { "line": 187, "column": 0 }, "end": { "line": 187, "column": 1 } },
      "187": { "start": { "line": 188, "column": 0 }, "end": { "line": 188, "column": 9 } },
      "188": { "start": { "line": 189, "column": 0 }, "end": { "line": 189, "column": 848 } }
    },
    "s": {
      "0": 0,
      "1": 0,
      "2": 0,
      "3": 0,
      "4": 0,
      "5": 0,
      "6": 0,
      "7": 0,
      "8": 0,
      "9": 0,
      "11": 0,
      "12": 0,
      "13": 0,
      "15": 0,
      "17": 0,
      "18": 0,
      "19": 0,
      "20": 0,
      "21": 0,
      "22": 0,
      "23": 0,
      "24": 0,
      "25": 0,
      "27": 0,
      "28": 0,
      "29": 0,
      "30": 0,
      "31": 0,
      "33": 0,
      "34": 0,
      "35": 0,
      "37": 0,
      "38": 0,
      "39": 0,
      "41": 0,
      "42": 0,
      "43": 0,
      "44": 0,
      "45": 0,
      "46": 0,
      "47": 0,
      "48": 0,
      "49": 0,
      "51": 0,
      "52": 0,
      "53": 0,
      "54": 0,
      "55": 0,
      "56": 0,
      "58": 0,
      "59": 0,
      "60": 0,
      "61": 0,
      "62": 0,
      "63": 0,
      "64": 0,
      "65": 0,
      "66": 0,
      "67": 0,
      "68": 0,
      "69": 0,
      "72": 0,
      "73": 0,
      "74": 0,
      "75": 0,
      "77": 0,
      "78": 0,
      "79": 0,
      "81": 0,
      "82": 0,
      "83": 0,
      "84": 0,
      "86": 0,
      "87": 0,
      "88": 0,
      "89": 0,
      "91": 0,
      "92": 0,
      "93": 0,
      "94": 0,
      "95": 0,
      "96": 0,
      "98": 0,
      "99": 0,
      "100": 0,
      "101": 0,
      "103": 0,
      "104": 0,
      "105": 0,
      "106": 0,
      "107": 0,
      "109": 0,
      "110": 0,
      "111": 0,
      "113": 0,
      "114": 0,
      "115": 0,
      "117": 0,
      "118": 0,
      "119": 0,
      "120": 0,
      "121": 0,
      "123": 0,
      "124": 0,
      "125": 0,
      "126": 0,
      "127": 0,
      "129": 0,
      "130": 0,
      "131": 0,
      "132": 0,
      "133": 0,
      "135": 0,
      "136": 0,
      "137": 0,
      "138": 0,
      "139": 0,
      "141": 0,
      "142": 0,
      "143": 0,
      "144": 0,
      "145": 0,
      "147": 0,
      "148": 0,
      "149": 0,
      "150": 0,
      "151": 0,
      "153": 0,
      "154": 0,
      "155": 0,
      "156": 0,
      "157": 0,
      "159": 0,
      "160": 0,
      "161": 0,
      "162": 0,
      "163": 0,
      "165": 0,
      "166": 0,
      "167": 0,
      "168": 0,
      "169": 0,
      "171": 0,
      "172": 0,
      "173": 0,
      "174": 0,
      "175": 0,
      "177": 0,
      "178": 0,
      "179": 0,
      "180": 0,
      "182": 0,
      "183": 0,
      "184": 0,
      "185": 0,
      "186": 0,
      "187": 0,
      "188": 0
    },
    "branchMap": {
      "0": {
        "type": "branch",
        "line": 1,
        "loc": { "start": { "line": 1, "column": 0 }, "end": { "line": 189, "column": -1222 } },
        "locations": [
          { "start": { "line": 1, "column": 0 }, "end": { "line": 189, "column": -1222 } }
        ]
      }
    },
    "b": { "0": [0] },
    "fnMap": {
      "0": {
        "name": "(empty-report)",
        "decl": { "start": { "line": 1, "column": 0 }, "end": { "line": 189, "column": -1222 } },
        "loc": { "start": { "line": 1, "column": 0 }, "end": { "line": 189, "column": -1222 } },
        "line": 1
      }
    },
    "f": { "0": 0 }
  },
  "/home/reghoul/openclaw-pm-dashboard/frontend/dist/assets/classDiagram-VBA2DB6C-CE9ttn76.js": {
    "path": "/home/reghoul/openclaw-pm-dashboard/frontend/dist/assets/classDiagram-VBA2DB6C-CE9ttn76.js",
    "all": true,
    "statementMap": {
      "0": { "start": { "line": 1, "column": 0 }, "end": { "line": 1, "column": 431 } }
    },
    "s": { "0": 0 },
    "branchMap": {
      "0": {
        "type": "branch",
        "line": 1,
        "loc": { "start": { "line": 1, "column": 431 }, "end": { "line": 1, "column": 431 } },
        "locations": [
          { "start": { "line": 1, "column": 431 }, "end": { "line": 1, "column": 431 } }
        ]
      }
    },
    "b": { "0": [0] },
    "fnMap": {
      "0": {
        "name": "(empty-report)",
        "decl": { "start": { "line": 1, "column": 431 }, "end": { "line": 1, "column": 431 } },
        "loc": { "start": { "line": 1, "column": 431 }, "end": { "line": 1, "column": 431 } },
        "line": 1
      }
    },
    "f": { "0": 0 }
  },
  "/home/reghoul/openclaw-pm-dashboard/frontend/dist/assets/classDiagram-v2-RAHNMMFH-CE9ttn76.js": {
    "path": "/home/reghoul/openclaw-pm-dashboard/frontend/dist/assets/classDiagram-v2-RAHNMMFH-CE9ttn76.js",
    "all": true,
    "statementMap": {
      "0": { "start": { "line": 1, "column": 0 }, "end": { "line": 1, "column": 431 } }
    },
    "s": { "0": 0 },
    "branchMap": {
      "0": {
        "type": "branch",
        "line": 1,
        "loc": { "start": { "line": 1, "column": 431 }, "end": { "line": 1, "column": 431 } },
        "locations": [
          { "start": { "line": 1, "column": 431 }, "end": { "line": 1, "column": 431 } }
        ]
      }
    },
    "b": { "0": [0] },
    "fnMap": {
      "0": {
        "name": "(empty-report)",
        "decl": { "start": { "line": 1, "column": 431 }, "end": { "line": 1, "column": 431 } },
[...]
      "92": { "start": { "line": 93, "column": 0 }, "end": { "line": 93, "column": 4 } },
      "93": { "start": { "line": 94, "column": 0 }, "end": { "line": 94, "column": 1 } },
      "95": { "start": { "line": 96, "column": 0 }, "end": { "line": 96, "column": 3 } },
      "96": { "start": { "line": 97, "column": 0 }, "end": { "line": 97, "column": 55 } },
      "97": { "start": { "line": 98, "column": 0 }, "end": { "line": 98, "column": 50 } },
      "98": { "start": { "line": 99, "column": 0 }, "end": { "line": 99, "column": 62 } },
      "99": { "start": { "line": 100, "column": 0 }, "end": { "line": 100, "column": 3 } },
      "100": { "start": { "line": 101, "column": 0 }, "end": { "line": 101, "column": 48 } },
      "101": { "start": { "line": 102, "column": 0 }, "end": { "line": 102, "column": 46 } },
      "102": { "start": { "line": 103, "column": 0 }, "end": { "line": 103, "column": 12 } },
      "103": { "start": { "line": 104, "column": 0 }, "end": { "line": 104, "column": 27 } },
      "104": { "start": { "line": 105, "column": 0 }, "end": { "line": 105, "column": 17 } },
      "105": { "start": { "line": 106, "column": 0 }, "end": { "line": 106, "column": 23 } },
      "106": { "start": { "line": 107, "column": 0 }, "end": { "line": 107, "column": 24 } },
      "107": { "start": { "line": 108, "column": 0 }, "end": { "line": 108, "column": 27 } },
      "108": { "start": { "line": 109, "column": 0 }, "end": { "line": 109, "column": 6 } },
      "109": { "start": { "line": 110, "column": 0 }, "end": { "line": 110, "column": 3 } },
      "111": { "start": { "line": 112, "column": 0 }, "end": { "line": 112, "column": 40 } },
      "112": { "start": { "line": 113, "column": 0 }, "end": { "line": 113, "column": 46 } },
      "114": { "start": { "line": 115, "column": 0 }, "end": { "line": 115, "column": 20 } },
      "115": { "start": { "line": 116, "column": 0 }, "end": { "line": 116, "column": 40 } },
      "116": { "start": { "line": 117, "column": 0 }, "end": { "line": 117, "column": 86 } },
      "117": { "start": { "line": 118, "column": 0 }, "end": { "line": 118, "column": 59 } },
      "119": { "start": { "line": 120, "column": 0 }, "end": { "line": 120, "column": 10 } },
      "120": { "start": { "line": 121, "column": 0 }, "end": { "line": 121, "column": 25 } },
      "121": { "start": { "line": 122, "column": 0 }, "end": { "line": 122, "column": 11 } },
      "122": { "start": { "line": 123, "column": 0 }, "end": { "line": 123, "column": 18 } },
      "123": { "start": { "line": 124, "column": 0 }, "end": { "line": 124, "column": 19 } },
      "124": { "start": { "line": 125, "column": 0 }, "end": { "line": 125, "column": 22 } },
      "125": { "start": { "line": 126, "column": 0 }, "end": { "line": 126, "column": 4 } },
      "126": { "start": { "line": 127, "column": 0 }, "end": { "line": 127, "column": 1 } },
      "128": { "start": { "line": 129, "column": 0 }, "end": { "line": 129, "column": 3 } },
      "129": { "start": { "line": 130, "column": 0 }, "end": { "line": 130, "column": 32 } },
      "130": { "start": { "line": 131, "column": 0 }, "end": { "line": 131, "column": 50 } },
      "131": { "start": { "line": 132, "column": 0 }, "end": { "line": 132, "column": 47 } },
      "132": { "start": { "line": 133, "column": 0 }, "end": { "line": 133, "column": 45 } },
      "133": { "start": { "line": 134, "column": 0 }, "end": { "line": 134, "column": 3 } },
      "134": { "start": { "line": 135, "column": 0 }, "end": { "line": 135, "column": 55 } },
      "135": { "start": { "line": 136, "column": 0 }, "end": { "line": 136, "column": 40 } },
      "137": { "start": { "line": 138, "column": 0 }, "end": { "line": 138, "column": 65 } },
      "138": { "start": { "line": 139, "column": 0 }, "end": { "line": 139, "column": 34 } },
      "139": { "start": { "line": 140, "column": 0 }, "end": { "line": 140, "column": 36 } },
      "141": { "start": { "line": 142, "column": 0 }, "end": { "line": 142, "column": 47 } },
      "142": { "start": { "line": 143, "column": 0 }, "end": { "line": 143, "column": 68 } },
      "143": { "start": { "line": 144, "column": 0 }, "end": { "line": 144, "column": 1 } },
      "145": { "start": { "line": 146, "column": 0 }, "end": { "line": 146, "column": 61 } }
    },
    "s": {
      "0": 1,
      "1": 1,
      "2": 1,
      "4": 1,
      "5": 1,
      "6": 1,
      "7": 9,
      "8": 9,
      "9": 9,
      "10": 3,
      "11": 3,
      "13": 1,
      "14": 1,
      "15": 1,
      "16": 10,
      "17": 10,
      "18": 10,
      "19": 10,
      "20": 10,
      "22": 1,
      "23": 1,
      "24": 1,
      "25": 10,
      "26": 10,
      "27": 10,
      "29": 10,
      "30": 10,
      "32": 10,
      "33": 10,
      "34": 2,
      "35": 2,
      "36": 2,
      "37": 2,
      "38": 2,
      "39": 2,
      "40": 2,
      "41": 2,
      "42": 2,
      "44": 10,
      "45": 10,
      "46": 10,
      "47": 2,
      "48": 2,
      "49": 2,
      "50": 2,
      "51": 2,
      "52": 2,
      "53": 2,
      "54": 2,
      "55": 2,
      "56": 2,
      "58": 10,
      "59": 10,
      "60": 10,
      "61": 1,
      "62": 1,
      "63": 1,
      "64": 1,
      "65": 1,
      "66": 1,
      "67": 1,
      "68": 1,
      "69": 1,
      "70": 1,
      "72": 10,
      "73": 10,
      "74": 7,
      "75": 7,
      "76": 7,
      "77": 7,
      "78": 7,
      "79": 7,
      "80": 7,
      "81": 7,
      "82": 7,
      "84": 10,
      "85": 10,
      "86": 10,
      "87": 10,
      "88": 10,
      "89": 10,
      "90": 10,
      "91": 10,
      "92": 10,
      "93": 10,
      "95": 1,
      "96": 1,
      "97": 1,
      "98": 1,
      "99": 1,
      "100": 1,
      "101": 9,
      "102": 3,
      "103": 3,
      "104": 3,
      "105": 3,
      "106": 3,
      "107": 3,
      "108": 3,
      "109": 3,
      "111": 6,
      "112": 6,
      "114": 6,
      "115": 6,
      "116": 6,
      "117": 6,
      "119": 6,
      "120": 6,
      "121": 6,
      "122": 6,
      "123": 6,
      "124": 6,
      "125": 6,
      "126": 6,
      "128": 1,
      "129": 1,
      "130": 1,
      "131": 1,
      "132": 1,
      "133": 1,
      "134": 1,
      "135": 5,
      "137": 3,
      "138": 3,
      "139": 5,
      "141": 3,
      "142": 5,
      "143": 5,
      "145": 1
    },
    "branchMap": {
      "0": {
        "type": "branch",
        "line": 8,
        "loc": { "start": { "line": 8, "column": 0 }, "end": { "line": 12, "column": 1 } },
        "locations": [{ "start": { "line": 8, "column": 0 }, "end": { "line": 12, "column": 1 } }]
      },
      "1": {
        "type": "branch",
        "line": 9,
        "loc": { "start": { "line": 9, "column": 23 }, "end": { "line": 9, "column": 37 } },
        "locations": [{ "start": { "line": 9, "column": 23 }, "end": { "line": 9, "column": 37 } }]
      },
      "2": {
        "type": "branch",
        "line": 9,
        "loc": { "start": { "line": 9, "column": 36 }, "end": { "line": 10, "column": 20 } },
        "locations": [{ "start": { "line": 9, "column": 36 }, "end": { "line": 10, "column": 20 } }]
      },
      "3": {
        "type": "branch",
        "line": 10,
        "loc": { "start": { "line": 10, "column": 20 }, "end": { "line": 10, "column": 41 } },
        "locations": [
          { "start": { "line": 10, "column": 20 }, "end": { "line": 10, "column": 41 } }
        ]
      },
      "4": {
        "type": "branch",
        "line": 10,
        "loc": { "start": { "line": 10, "column": 40 }, "end": { "line": 12, "column": 1 } },
        "locations": [{ "start": { "line": 10, "column": 40 }, "end": { "line": 12, "column": 1 } }]
      },
      "5": {
        "type": "branch",
        "line": 17,
        "loc": { "start": { "line": 17, "column": 0 }, "end": { "line": 21, "column": 1 } },
        "locations": [{ "start": { "line": 17, "column": 0 }, "end": { "line": 21, "column": 1 } }]
      },
      "6": {
        "type": "branch",
        "line": 18,
        "loc": { "start": { "line": 18, "column": 65 }, "end": { "line": 18, "column": 74 } },
        "locations": [
          { "start": { "line": 18, "column": 65 }, "end": { "line": 18, "column": 74 } }
        ]
      },
      "7": {
        "type": "branch",
        "line": 19,
        "loc": { "start": { "line": 19, "column": 35 }, "end": { "line": 19, "column": 96 } },
        "locations": [
          { "start": { "line": 19, "column": 35 }, "end": { "line": 19, "column": 96 } }
        ]
      },
      "8": {
        "type": "branch",
        "line": 19,
        "loc": { "start": { "line": 19, "column": 66 }, "end": { "line": 19, "column": 96 } },
        "locations": [
          { "start": { "line": 19, "column": 66 }, "end": { "line": 19, "column": 96 } }
        ]
      },
      "9": {
        "type": "branch",
        "line": 26,
        "loc": { "start": { "line": 26, "column": 0 }, "end": { "line": 94, "column": 1 } },
        "locations": [{ "start": { "line": 26, "column": 0 }, "end": { "line": 94, "column": 1 } }]
      },
      "10": {
        "type": "branch",
        "line": 28,
        "loc": { "start": { "line": 28, "column": 57 }, "end": { "line": 28, "column": 61 } },
        "locations": [
          { "start": { "line": 28, "column": 57 }, "end": { "line": 28, "column": 61 } }
        ]
      },
      "11": {
        "type": "branch",
        "line": 34,
        "loc": { "start": { "line": 34, "column": 22 }, "end": { "line": 43, "column": 3 } },
        "locations": [{ "start": { "line": 34, "column": 22 }, "end": { "line": 43, "column": 3 } }]
      },
      "12": {
        "type": "branch",
        "line": 46,
        "loc": { "start": { "line": 46, "column": 43 }, "end": { "line": 46, "column": 51 } },
        "locations": [
          { "start": { "line": 46, "column": 43 }, "end": { "line": 46, "column": 51 } }
        ]
      },
      "13": {
        "type": "branch",
        "line": 46,
        "loc": { "start": { "line": 46, "column": 52 }, "end": { "line": 46, "column": 56 } },
        "locations": [
          { "start": { "line": 46, "column": 52 }, "end": { "line": 46, "column": 56 } }
        ]
      },
      "14": {
        "type": "branch",
        "line": 47,
        "loc": { "start": { "line": 47, "column": 21 }, "end": { "line": 57, "column": 3 } },
        "locations": [{ "start": { "line": 47, "column": 21 }, "end": { "line": 57, "column": 3 } }]
      },
      "15": {
        "type": "branch",
        "line": 48,
        "loc": { "start": { "line": 48, "column": 91 }, "end": { "line": 48, "column": 95 } },
        "locations": [
          { "start": { "line": 48, "column": 91 }, "end": { "line": 48, "column": 95 } }
        ]
      },
      "16": {
        "type": "branch",
        "line": 54,
        "loc": { "start": { "line": 54, "column": 40 }, "end": { "line": 54, "column": 48 } },
        "locations": [
          { "start": { "line": 54, "column": 40 }, "end": { "line": 54, "column": 48 } }
        ]
      },
      "17": {
        "type": "branch",
        "line": 54,
        "loc": { "start": { "line": 54, "column": 49 }, "end": { "line": 54, "column": 64 } },
        "locations": [
          { "start": { "line": 54, "column": 49 }, "end": { "line": 54, "column": 64 } }
        ]
      },
      "18": {
        "type": "branch",
        "line": 60,
        "loc": { "start": { "line": 60, "column": 45 }, "end": { "line": 60, "column": 53 } },
        "locations": [
          { "start": { "line": 60, "column": 45 }, "end": { "line": 60, "column": 53 } }
        ]
      },
      "19": {
        "type": "branch",
        "line": 60,
        "loc": { "start": { "line": 60, "column": 54 }, "end": { "line": 60, "column": 58 } },
        "locations": [
          { "start": { "line": 60, "column": 54 }, "end": { "line": 60, "column": 58 } }
        ]
      },
      "20": {
        "type": "branch",
        "line": 61,
        "loc": { "start": { "line": 61, "column": 25 }, "end": { "line": 71, "column": 3 } },
        "locations": [{ "start": { "line": 61, "column": 25 }, "end": { "line": 71, "column": 3 } }]
      },
      "21": {
        "type": "branch",
        "line": 62,
        "loc": { "start": { "line": 62, "column": 80 }, "end": { "line": 62, "column": 84 } },
        "locations": [
          { "start": { "line": 62, "column": 80 }, "end": { "line": 62, "column": 84 } }
        ]
      },
      "22": {
        "type": "branch",
        "line": 68,
        "loc": { "start": { "line": 68, "column": 55 }, "end": { "line": 68, "column": 70 } },
        "locations": [
          { "start": { "line": 68, "column": 55 }, "end": { "line": 68, "column": 70 } }
        ]
      },
      "23": {
        "type": "branch",
        "line": 74,
        "loc": { "start": { "line": 74, "column": 26 }, "end": { "line": 83, "column": 3 } },
        "locations": [{ "start": { "line": 74, "column": 26 }, "end": { "line": 83, "column": 3 } }]
      },
      "24": {
        "type": "branch",
        "line": 79,
        "loc": { "start": { "line": 79, "column": 57 }, "end": { "line": 79, "column": 60 } },
        "locations": [
          { "start": { "line": 79, "column": 57 }, "end": { "line": 79, "column": 60 } }
        ]
      },
      "25": {
        "type": "branch",
        "line": 79,
        "loc": { "start": { "line": 79, "column": 61 }, "end": { "line": 79, "column": 64 } },
        "locations": [
          { "start": { "line": 79, "column": 61 }, "end": { "line": 79, "column": 64 } }
        ]
      },
      "26": {
        "type": "branch",
        "line": 48,
        "loc": { "start": { "line": 48, "column": 56 }, "end": { "line": 48, "column": 82 } },
        "locations": [
          { "start": { "line": 48, "column": 56 }, "end": { "line": 48, "column": 82 } }
        ]
      },
      "27": {
        "type": "branch",
        "line": 62,
        "loc": { "start": { "line": 62, "column": 56 }, "end": { "line": 62, "column": 71 } },
        "locations": [
          { "start": { "line": 62, "column": 56 }, "end": { "line": 62, "column": 71 } }
        ]
      },
      "28": {
        "type": "branch",
        "line": 101,
        "loc": { "start": { "line": 101, "column": 7 }, "end": { "line": 127, "column": 1 } },
        "locations": [
          { "start": { "line": 101, "column": 7 }, "end": { "line": 127, "column": 1 } }
        ]
      },
      "29": {
        "type": "branch",
        "line": 102,
        "loc": { "start": { "line": 102, "column": 16 }, "end": { "line": 102, "column": 43 } },
        "locations": [
          { "start": { "line": 102, "column": 16 }, "end": { "line": 102, "column": 43 } }
        ]
      },
      "30": {
        "type": "branch",
        "line": 102,
        "loc": { "start": { "line": 102, "column": 45 }, "end": { "line": 110, "column": 3 } },
        "locations": [
          { "start": { "line": 102, "column": 45 }, "end": { "line": 110, "column": 3 } }
        ]
      },
      "31": {
        "type": "branch",
        "line": 110,
        "loc": { "start": { "line": 110, "column": 2 }, "end": { "line": 127, "column": 1 } },
        "locations": [
          { "start": { "line": 110, "column": 2 }, "end": { "line": 127, "column": 1 } }
        ]
      },
      "32": {
        "type": "branch",
        "line": 117,
        "loc": { "start": { "line": 117, "column": 44 }, "end": { "line": 117, "column": 77 } },
        "locations": [
          { "start": { "line": 117, "column": 44 }, "end": { "line": 117, "column": 77 } }
        ]
      },
      "33": {
        "type": "branch",
        "line": 135,
        "loc": { "start": { "line": 135, "column": 7 }, "end": { "line": 144, "column": 1 } },
        "locations": [
          { "start": { "line": 135, "column": 7 }, "end": { "line": 144, "column": 1 } }
        ]
      },
      "34": {
        "type": "branch",
        "line": 136,
        "loc": { "start": { "line": 136, "column": 16 }, "end": { "line": 136, "column": 26 } },
        "locations": [
          { "start": { "line": 136, "column": 16 }, "end": { "line": 136, "column": 26 } }
        ]
      },
      "35": {
        "type": "branch",
        "line": 136,
        "loc": { "start": { "line": 136, "column": 28 }, "end": { "line": 136, "column": 40 } },
        "locations": [
          { "start": { "line": 136, "column": 28 }, "end": { "line": 136, "column": 40 } }
        ]
      },
      "36": {
        "type": "branch",
        "line": 136,
        "loc": { "start": { "line": 136, "column": 39 }, "end": { "line": 140, "column": 24 } },
        "locations": [
          { "start": { "line": 136, "column": 39 }, "end": { "line": 140, "column": 24 } }
        ]
      },
      "37": {
        "type": "branch",
        "line": 140,
        "loc": { "start": { "line": 140, "column": 24 }, "end": { "line": 140, "column": 36 } },
        "locations": [
          { "start": { "line": 140, "column": 24 }, "end": { "line": 140, "column": 36 } }
        ]
      },
      "38": {
        "type": "branch",
        "line": 140,
        "loc": { "start": { "line": 140, "column": 35 }, "end": { "line": 143, "column": 60 } },
        "locations": [
          { "start": { "line": 140, "column": 35 }, "end": { "line": 143, "column": 60 } }
        ]
      },
      "39": {
        "type": "branch",
        "line": 143,
        "loc": { "start": { "line": 143, "column": 60 }, "end": { "line": 143, "column": 67 } },
        "locations": [
          { "start": { "line": 143, "column": 60 }, "end": { "line": 143, "column": 67 } }
        ]
      },
      "40": {
        "type": "branch",
        "line": 143,
        "loc": { "start": { "line": 143, "column": 23 }, "end": { "line": 143, "column": 58 } },
        "locations": [
          { "start": { "line": 143, "column": 23 }, "end": { "line": 143, "column": 58 } }
        ]
      }
    },
    "b": {
      "0": [9],
      "1": [2],
      "2": [7],
      "3": [4],
      "4": [3],
      "5": [10],
      "6": [0],
      "7": [4],
      "8": [2],
      "9": [10],
      "10": [8],
      "11": [2],
      "12": [7],
      "13": [8],
      "14": [2],
      "15": [0],
      "16": [1],
      "17": [1],
      "18": [7],
      "19": [9],
      "20": [1],
      "21": [0],
      "22": [0],
      "23": [7],
      "24": [2],
      "25": [5],
      "26": [3],
      "27": [1],
      "28": [9],
      "29": [7],
      "30": [3],
      "31": [6],
      "32": [10],
      "33": [5],
      "34": [4],
      "35": [2],
      "36": [3],
      "37": [0],
      "38": [3],
      "39": [1],
      "40": [3]
    },
    "fnMap": {
      "0": {
        "name": "getStatusFromProgress",
        "decl": { "start": { "line": 8, "column": 0 }, "end": { "line": 12, "column": 1 } },
        "loc": { "start": { "line": 8, "column": 0 }, "end": { "line": 12, "column": 1 } },
        "line": 8
      },
      "1": {
        "name": "countCompletedSteps",
        "decl": { "start": { "line": 17, "column": 0 }, "end": { "line": 21, "column": 1 } },
        "loc": { "start": { "line": 17, "column": 0 }, "end": { "line": 21, "column": 1 } },
        "line": 17
      },
      "2": {
        "name": "projectToSpace",
        "decl": { "start": { "line": 26, "column": 0 }, "end": { "line": 94, "column": 1 } },
        "loc": { "start": { "line": 26, "column": 0 }, "end": { "line": 94, "column": 1 } },
        "line": 26
      },
      "3": {
        "name": "transformToWorkspace",
        "decl": { "start": { "line": 101, "column": 7 }, "end": { "line": 127, "column": 1 } },
        "loc": { "start": { "line": 101, "column": 7 }, "end": { "line": 127, "column": 1 } },
        "line": 101
      },
      "4": {
        "name": "findProjectByListId",
        "decl": { "start": { "line": 135, "column": 7 }, "end": { "line": 144, "column": 1 } },
        "loc": { "start": { "line": 135, "column": 7 }, "end": { "line": 144, "column": 1 } },
        "line": 135
      }
    },
    "f": { "0": 9, "1": 10, "2": 10, "3": 9, "4": 5 }
  }
}
